2026-03-10 15:53:02,140 INFO ============================================================
2026-03-10 15:53:02,140 INFO Pass 5 start  dry_run=True  batch_size=1000
2026-03-10 15:53:02,140 INFO Streaming Kaikki for loanwords …
2026-03-10 15:53:45,070 INFO   scanned 300,000 lines, found 14,119 loanwords
2026-03-10 15:53:58,981 INFO   scanned 600,000 lines, found 19,642 loanwords
2026-03-10 15:54:10,716 INFO   scanned 900,000 lines, found 22,714 loanwords
2026-03-10 15:54:22,428 INFO   scanned 1,200,000 lines, found 25,041 loanwords
2026-03-10 15:54:31,745 INFO Done. Scanned 1,454,988 lines, found 26,890 loanwords.
2026-03-10 15:54:31,750 INFO Top source languages:
2026-03-10 15:54:31,750 INFO   la      6,344
2026-03-10 15:54:31,750 INFO   fr      4,222
2026-03-10 15:54:31,750 INFO   es      1,587
2026-03-10 15:54:31,750 INFO   ja      1,461
2026-03-10 15:54:31,750 INFO   it      1,101
2026-03-10 15:54:31,751 INFO   de      1,087
2026-03-10 15:54:31,751 INFO   grc     1,081
2026-03-10 15:54:31,751 INFO   frm     926
2026-03-10 15:54:31,751 INFO   hi      645
2026-03-10 15:54:31,751 INFO   ar      587
2026-03-10 15:54:31,751 INFO   ru      570
2026-03-10 15:54:31,751 INFO   he      382
2026-03-10 15:54:31,751 INFO   cmn     356
2026-03-10 15:54:31,751 INFO   pt      326
2026-03-10 15:54:31,751 INFO   nl      311
2026-03-10 15:54:31,773 INFO   Updating 26,890 loanword tokens …
2026-03-10 15:54:31,774 INFO   Update done: updated=26,890 skipped=0
2026-03-10 15:54:31,774 INFO Pass 5 complete: updated=26,890 skipped=0
2026-03-10 15:54:31,777 INFO Done.
2026-03-10 15:54:38,009 INFO ============================================================
2026-03-10 15:54:38,009 INFO Pass 5 start  dry_run=False  batch_size=1000
2026-03-10 15:54:38,009 INFO Streaming Kaikki for loanwords …
2026-03-10 15:55:24,833 INFO   scanned 300,000 lines, found 14,119 loanwords
2026-03-10 15:55:40,640 INFO   scanned 600,000 lines, found 19,642 loanwords
2026-03-10 15:55:52,529 INFO   scanned 900,000 lines, found 22,714 loanwords
2026-03-10 15:56:04,450 INFO   scanned 1,200,000 lines, found 25,041 loanwords
2026-03-10 15:56:13,903 INFO Done. Scanned 1,454,988 lines, found 26,890 loanwords.
2026-03-10 15:56:13,908 INFO Top source languages:
2026-03-10 15:56:13,908 INFO   la      6,344
2026-03-10 15:56:13,909 INFO   fr      4,222
2026-03-10 15:56:13,909 INFO   es      1,587
2026-03-10 15:56:13,909 INFO   ja      1,461
2026-03-10 15:56:13,909 INFO   it      1,101
2026-03-10 15:56:13,909 INFO   de      1,087
2026-03-10 15:56:13,909 INFO   grc     1,081
2026-03-10 15:56:13,909 INFO   frm     926
2026-03-10 15:56:13,909 INFO   hi      645
2026-03-10 15:56:13,909 INFO   ar      587
2026-03-10 15:56:13,910 INFO   ru      570
2026-03-10 15:56:13,910 INFO   he      382
2026-03-10 15:56:13,910 INFO   cmn     356
2026-03-10 15:56:13,910 INFO   pt      326
2026-03-10 15:56:13,910 INFO   nl      311
2026-03-10 15:56:13,933 INFO   Updating 26,890 loanword tokens …
2026-03-10 15:57:14,892 INFO     20,000/26,890 done
2026-03-10 15:57:24,029 INFO   Update done: updated=26,926 skipped=0
2026-03-10 15:57:24,030 INFO Pass 5 complete: updated=26,926 skipped=0
2026-03-10 15:57:24,030 INFO --- Verification ---
2026-03-10 15:57:25,011 INFO Tokens with source_language set: 22,358
2026-03-10 15:57:25,011 INFO   la      6,358
2026-03-10 15:57:25,012 INFO   fr      4,226
2026-03-10 15:57:25,012 INFO   es      1,588
2026-03-10 15:57:25,012 INFO   ja      1,461
2026-03-10 15:57:25,012 INFO   it      1,101
2026-03-10 15:57:25,012 INFO   de      1,088
2026-03-10 15:57:25,012 INFO   grc     1,084
2026-03-10 15:57:25,012 INFO   frm     929
2026-03-10 15:57:25,012 INFO   hi      645
2026-03-10 15:57:25,012 INFO   ar      588
2026-03-10 15:57:25,012 INFO   ru      570
2026-03-10 15:57:25,012 INFO   he      383
2026-03-10 15:57:25,013 INFO   cmn     357
2026-03-10 15:57:25,013 INFO   pt      326
2026-03-10 15:57:25,013 INFO   nl      312
2026-03-10 15:57:25,013 INFO   mi      304
2026-03-10 15:57:25,013 INFO   sa      303
2026-03-10 15:57:25,013 INFO   af      258
2026-03-10 15:57:25,013 INFO   ko      249
2026-03-10 15:57:25,013 INFO   yi      228
2026-03-10 15:57:25,920 INFO Tokens with BORROWING bit: 26,926
2026-03-10 15:57:25,923 INFO Done.
2026-03-11 15:15:43,601 INFO ============================================================
2026-03-11 15:15:43,626 INFO Pass 5 start  dry_run=False  batch_size=1000
2026-03-11 15:15:43,626 INFO Streaming Kaikki for loanwords …
2026-03-11 15:16:17,837 INFO   scanned 300,000 lines, found 14,119 loanwords
2026-03-11 15:16:29,041 INFO   scanned 600,000 lines, found 19,642 loanwords
2026-03-11 15:16:38,534 INFO   scanned 900,000 lines, found 22,714 loanwords
2026-03-11 15:16:48,008 INFO   scanned 1,200,000 lines, found 25,041 loanwords
2026-03-11 15:16:55,486 INFO Done. Scanned 1,454,988 lines, found 26,890 loanwords.
2026-03-11 15:16:55,491 INFO Top source languages:
2026-03-11 15:16:55,491 INFO   la      6,344
2026-03-11 15:16:55,491 INFO   fr      4,222
2026-03-11 15:16:55,491 INFO   es      1,587
2026-03-11 15:16:55,491 INFO   ja      1,461
2026-03-11 15:16:55,491 INFO   it      1,101
2026-03-11 15:16:55,491 INFO   de      1,087
2026-03-11 15:16:55,491 INFO   grc     1,081
2026-03-11 15:16:55,491 INFO   frm     926
2026-03-11 15:16:55,491 INFO   hi      645
2026-03-11 15:16:55,491 INFO   ar      587
2026-03-11 15:16:55,492 INFO   ru      570
2026-03-11 15:16:55,492 INFO   he      382
2026-03-11 15:16:55,492 INFO   cmn     356
2026-03-11 15:16:55,492 INFO   pt      326
2026-03-11 15:16:55,492 INFO   nl      311
2026-03-11 15:16:55,512 INFO   Updating 26,890 loanword tokens …
2026-03-11 15:17:09,883 INFO     20,000/26,890 done
2026-03-11 15:17:14,095 INFO   Update done: updated=26,890 skipped=0
2026-03-11 15:17:14,096 INFO Pass 5 complete: updated=26,890 skipped=0
2026-03-11 15:17:14,096 INFO --- Verification ---
2026-03-11 15:17:14,133 INFO Tokens with source_language set: 22,328
2026-03-11 15:17:14,133 INFO   la      6,344
2026-03-11 15:17:14,133 INFO   fr      4,222
2026-03-11 15:17:14,133 INFO   es      1,587
2026-03-11 15:17:14,134 INFO   ja      1,461
2026-03-11 15:17:14,134 INFO   it      1,101
2026-03-11 15:17:14,134 INFO   de      1,087
2026-03-11 15:17:14,134 INFO   grc     1,081
2026-03-11 15:17:14,134 INFO   frm     926
2026-03-11 15:17:14,134 INFO   hi      645
2026-03-11 15:17:14,135 INFO   ar      587
2026-03-11 15:17:14,135 INFO   ru      570
2026-03-11 15:17:14,135 INFO   he      382
2026-03-11 15:17:14,135 INFO   cmn     356
2026-03-11 15:17:14,135 INFO   pt      326
2026-03-11 15:17:14,135 INFO   nl      311
2026-03-11 15:17:14,136 INFO   mi      304
2026-03-11 15:17:14,136 INFO   sa      303
2026-03-11 15:17:14,136 INFO   af      258
2026-03-11 15:17:14,136 INFO   ko      249
2026-03-11 15:17:14,136 INFO   yi      228
2026-03-11 15:17:14,210 INFO Tokens with BORROWING bit: 26,890
2026-03-11 15:17:14,211 INFO Done.
