2026-03-10 16:15:57,558 INFO ============================================================
2026-03-10 16:15:57,558 INFO Pass 6 start  dry_run=True  batch_size=500
2026-03-10 16:15:57,565 INFO Loading AB token names …
2026-03-10 16:15:59,477 INFO   Loaded 1,415,691 AB names.
2026-03-10 16:15:59,482 INFO Streaming Kaikki for pos='name' …
2026-03-10 16:16:46,043 INFO   scanned 300,000 lines  labels=290  initialisms=553
2026-03-10 16:16:58,964 INFO   scanned 600,000 lines  labels=430  initialisms=883
2026-03-10 16:17:09,925 INFO   scanned 900,000 lines  labels=700  initialisms=1,114
2026-03-10 16:17:20,709 INFO   scanned 1,200,000 lines  labels=947  initialisms=1,421
2026-03-10 16:17:29,570 INFO Done. Scanned 1,454,988 lines. Labels: 4,188  Initialisms: 1,743
2026-03-10 16:17:29,616 INFO Bucket state: AD=0 buckets  AE=0 buckets
2026-03-10 16:17:29,617 INFO   Labels (AD): 4,188 entries  ns=AD
2026-03-10 16:17:29,641 INFO   Labels (AD) done: inserted=4,188 skipped=0
2026-03-10 16:17:29,641 INFO   Initialisms (AE): 1,743 entries  ns=AE
2026-03-10 16:17:29,649 INFO   Initialisms (AE) done: inserted=1,743 skipped=0
2026-03-10 16:17:29,650 INFO Pass 6 complete: inserted=5,931 skipped=0
2026-03-10 16:17:29,652 INFO Done.
2026-03-10 16:18:14,692 INFO ============================================================
2026-03-10 16:18:14,693 INFO Pass 6 start  dry_run=False  batch_size=500
2026-03-10 16:18:14,698 INFO Loading AB token names …
2026-03-10 16:18:16,588 INFO   Loaded 1,415,691 AB names.
2026-03-10 16:18:16,593 INFO Streaming Kaikki for pos='name' …
2026-03-10 16:19:03,202 INFO   scanned 300,000 lines  labels=290  initialisms=553
2026-03-10 16:19:15,971 INFO   scanned 600,000 lines  labels=430  initialisms=883
2026-03-10 16:19:27,088 INFO   scanned 900,000 lines  labels=700  initialisms=1,114
2026-03-10 16:19:38,729 INFO   scanned 1,200,000 lines  labels=947  initialisms=1,421
2026-03-10 16:19:48,027 INFO Done. Scanned 1,454,988 lines. Labels: 4,188  Initialisms: 1,743
2026-03-10 16:19:48,031 INFO Bucket state: AD=0 buckets  AE=0 buckets
2026-03-10 16:19:48,031 INFO   Labels (AD): 4,188 entries  ns=AD
2026-03-10 16:19:48,268 ERROR   Labels (AD) batch [0:500] FAILED: type "cap_property" does not exist
LINE 4: ...             VALUES ($1, $2::pos_tag, $3, $4, $5::cap_proper...
                                                             ^
2026-03-10 16:20:30,993 INFO ============================================================
2026-03-10 16:20:30,993 INFO Pass 6 start  dry_run=False  batch_size=500
2026-03-10 16:20:30,999 INFO Loading AB token names …
2026-03-10 16:20:32,933 INFO   Loaded 1,415,691 AB names.
2026-03-10 16:20:32,938 INFO Streaming Kaikki for pos='name' …
2026-03-10 16:21:18,919 INFO   scanned 300,000 lines  labels=290  initialisms=553
2026-03-10 16:21:31,519 INFO   scanned 600,000 lines  labels=430  initialisms=883
2026-03-10 16:21:42,805 INFO   scanned 900,000 lines  labels=700  initialisms=1,114
2026-03-10 16:21:53,741 INFO   scanned 1,200,000 lines  labels=947  initialisms=1,421
2026-03-10 16:22:02,699 INFO Done. Scanned 1,454,988 lines. Labels: 4,188  Initialisms: 1,743
2026-03-10 16:22:02,703 INFO Bucket state: AD=0 buckets  AE=0 buckets
2026-03-10 16:22:02,703 INFO   Labels (AD): 4,188 entries  ns=AD
2026-03-10 16:22:04,984 INFO     2,000/4,188 done
2026-03-10 16:22:06,507 INFO     4,000/4,188 done
2026-03-10 16:22:06,507 INFO   Labels (AD) done: inserted=4,188 skipped=0
2026-03-10 16:22:06,507 INFO   Initialisms (AE): 1,743 entries  ns=AE
2026-03-10 16:22:08,035 INFO   Initialisms (AE) done: inserted=1,743 skipped=0
2026-03-10 16:22:08,036 INFO Pass 6 complete: inserted=5,931 skipped=0
2026-03-10 16:22:08,036 INFO --- Verification ---
2026-03-10 16:22:08,040 INFO   AD Labels tokens: 4,188
2026-03-10 16:22:08,042 INFO   AE Initialisms tokens: 1,743
2026-03-10 16:22:08,045 INFO   N_PROPER token_pos records: 5,931
2026-03-10 16:22:08,047 INFO Done.
2026-03-11 15:17:19,441 INFO ============================================================
2026-03-11 15:17:19,457 INFO Pass 6 start  dry_run=False  batch_size=500
2026-03-11 15:17:19,462 INFO Loading AB token names …
2026-03-11 15:17:19,922 INFO   Loaded 460,549 AB names.
2026-03-11 15:17:19,924 INFO Streaming Kaikki for pos='name' …
2026-03-11 15:17:53,712 INFO   scanned 300,000 lines  labels=7,877  initialisms=1,879
2026-03-11 15:18:03,737 INFO   scanned 600,000 lines  labels=14,957  initialisms=2,989
2026-03-11 15:18:12,633 INFO   scanned 900,000 lines  labels=64,255  initialisms=3,969
2026-03-11 15:18:21,450 INFO   scanned 1,200,000 lines  labels=109,102  initialisms=5,295
2026-03-11 15:18:28,559 INFO Done. Scanned 1,454,988 lines. Labels: 138,580  Initialisms: 7,175
2026-03-11 15:18:28,672 INFO Bucket state: AD=0 buckets  AE=0 buckets
2026-03-11 15:18:28,672 INFO   Labels (AD): 138,580 entries  ns=AD
2026-03-11 15:18:30,362 INFO     2,000/138,580 done
2026-03-11 15:18:31,551 INFO     4,000/138,580 done
2026-03-11 15:18:32,890 INFO     6,000/138,580 done
2026-03-11 15:18:33,956 INFO     8,000/138,580 done
2026-03-11 15:18:35,004 INFO     10,000/138,580 done
2026-03-11 15:18:36,095 INFO     12,000/138,580 done
2026-03-11 15:18:37,641 INFO     14,000/138,580 done
2026-03-11 15:18:38,870 INFO     16,000/138,580 done
2026-03-11 15:18:40,164 INFO     18,000/138,580 done
2026-03-11 15:18:41,392 INFO     20,000/138,580 done
2026-03-11 15:18:42,999 INFO     22,000/138,580 done
2026-03-11 15:18:44,278 INFO     24,000/138,580 done
2026-03-11 15:18:45,582 INFO     26,000/138,580 done
2026-03-11 15:18:46,903 INFO     28,000/138,580 done
2026-03-11 15:18:48,591 INFO     30,000/138,580 done
2026-03-11 15:18:49,916 INFO     32,000/138,580 done
2026-03-11 15:18:51,180 INFO     34,000/138,580 done
2026-03-11 15:18:52,680 INFO     36,000/138,580 done
2026-03-11 15:18:53,878 INFO     38,000/138,580 done
2026-03-11 15:18:55,045 INFO     40,000/138,580 done
2026-03-11 15:18:56,209 INFO     42,000/138,580 done
2026-03-11 15:18:57,829 INFO     44,000/138,580 done
2026-03-11 15:18:59,144 INFO     46,000/138,580 done
2026-03-11 15:19:00,411 INFO     48,000/138,580 done
2026-03-11 15:19:01,742 INFO     50,000/138,580 done
2026-03-11 15:19:04,054 INFO     52,000/138,580 done
2026-03-11 15:19:05,218 INFO     54,000/138,580 done
2026-03-11 15:19:06,408 INFO     56,000/138,580 done
2026-03-11 15:19:07,706 INFO     58,000/138,580 done
2026-03-11 15:19:09,300 INFO     60,000/138,580 done
2026-03-11 15:19:10,567 INFO     62,000/138,580 done
2026-03-11 15:19:11,818 INFO     64,000/138,580 done
2026-03-11 15:19:13,194 INFO     66,000/138,580 done
2026-03-11 15:19:15,039 INFO     68,000/138,580 done
2026-03-11 15:19:16,400 INFO     70,000/138,580 done
2026-03-11 15:19:17,747 INFO     72,000/138,580 done
2026-03-11 15:19:19,671 INFO     74,000/138,580 done
2026-03-11 15:19:21,336 INFO     76,000/138,580 done
2026-03-11 15:19:22,742 INFO     78,000/138,580 done
2026-03-11 15:19:24,233 INFO     80,000/138,580 done
2026-03-11 15:19:26,099 INFO     82,000/138,580 done
2026-03-11 15:19:27,522 INFO     84,000/138,580 done
2026-03-11 15:19:29,023 INFO     86,000/138,580 done
2026-03-11 15:19:30,340 INFO     88,000/138,580 done
2026-03-11 15:19:31,936 INFO     90,000/138,580 done
2026-03-11 15:19:33,325 INFO     92,000/138,580 done
2026-03-11 15:19:34,882 INFO     94,000/138,580 done
2026-03-11 15:19:36,415 INFO     96,000/138,580 done
2026-03-11 15:19:38,119 INFO     98,000/138,580 done
2026-03-11 15:19:39,341 INFO     100,000/138,580 done
2026-03-11 15:19:40,655 INFO     102,000/138,580 done
2026-03-11 15:19:42,310 INFO     104,000/138,580 done
2026-03-11 15:19:43,591 INFO     106,000/138,580 done
2026-03-11 15:19:44,848 INFO     108,000/138,580 done
2026-03-11 15:19:46,105 INFO     110,000/138,580 done
2026-03-11 15:19:47,651 INFO     112,000/138,580 done
2026-03-11 15:19:48,815 INFO     114,000/138,580 done
2026-03-11 15:19:49,947 INFO     116,000/138,580 done
2026-03-11 15:19:51,161 INFO     118,000/138,580 done
2026-03-11 15:19:52,894 INFO     120,000/138,580 done
2026-03-11 15:19:54,435 INFO     122,000/138,580 done
2026-03-11 15:19:54,816 WARNING OVERFLOW bucket (AS,AG): using p2=AB seq=0
2026-03-11 15:19:54,817 WARNING OVERFLOW bucket (AS,AG): using p2=AB seq=1
2026-03-11 15:19:54,818 WARNING OVERFLOW bucket (AS,AG): using p2=AB seq=2
2026-03-11 15:19:54,820 WARNING OVERFLOW bucket (AS,AG): using p2=AB seq=3
2026-03-11 15:19:54,821 WARNING OVERFLOW bucket (AS,AG): using p2=AB seq=4
2026-03-11 15:19:54,822 WARNING OVERFLOW bucket (AS,AG): using p2=AB seq=5
2026-03-11 15:19:54,824 WARNING OVERFLOW bucket (AS,AG): using p2=AB seq=6
2026-03-11 15:19:54,825 WARNING OVERFLOW bucket (AS,AG): using p2=AB seq=7
2026-03-11 15:19:54,825 WARNING OVERFLOW bucket (AS,AG): using p2=AB seq=8
2026-03-11 15:19:55,244 WARNING OVERFLOW bucket (AS,AG): using p2=AB seq=9
2026-03-11 15:19:55,244 WARNING OVERFLOW bucket (AS,AG): using p2=AB seq=10
2026-03-11 15:19:55,245 WARNING OVERFLOW bucket (AS,AG): using p2=AB seq=11
2026-03-11 15:19:55,246 WARNING OVERFLOW bucket (AS,AG): using p2=AB seq=12
2026-03-11 15:19:55,247 WARNING OVERFLOW bucket (AS,AG): using p2=AB seq=13
2026-03-11 15:19:55,248 WARNING OVERFLOW bucket (AS,AG): using p2=AB seq=14
2026-03-11 15:19:55,249 WARNING OVERFLOW bucket (AS,AG): using p2=AB seq=15
2026-03-11 15:19:55,251 WARNING OVERFLOW bucket (AS,AG): using p2=AB seq=16
2026-03-11 15:19:55,251 WARNING OVERFLOW bucket (AS,AG): using p2=AB seq=17
2026-03-11 15:19:55,508 WARNING OVERFLOW bucket (AS,AG): using p2=AB seq=18
2026-03-11 15:19:55,509 WARNING OVERFLOW bucket (AS,AG): using p2=AB seq=19
2026-03-11 15:19:55,510 WARNING OVERFLOW bucket (AS,AG): using p2=AB seq=20
2026-03-11 15:19:55,858 INFO     124,000/138,580 done
2026-03-11 15:19:55,875 WARNING OVERFLOW bucket (AS,AG): using p2=AB seq=21
2026-03-11 15:19:55,876 WARNING OVERFLOW bucket (AS,AG): using p2=AB seq=22
2026-03-11 15:19:55,878 WARNING OVERFLOW bucket (AS,AG): using p2=AB seq=23
2026-03-11 15:19:55,880 WARNING OVERFLOW bucket (AS,AG): using p2=AB seq=24
2026-03-11 15:19:55,880 WARNING OVERFLOW bucket (AS,AG): using p2=AB seq=25
2026-03-11 15:19:56,356 WARNING OVERFLOW bucket (AS,AG): using p2=AB seq=26
2026-03-11 15:19:56,356 WARNING OVERFLOW bucket (AS,AG): using p2=AB seq=27
2026-03-11 15:19:56,359 WARNING OVERFLOW bucket (AS,AG): using p2=AB seq=28
2026-03-11 15:19:56,360 WARNING OVERFLOW bucket (AS,AG): using p2=AB seq=29
2026-03-11 15:19:56,363 WARNING OVERFLOW bucket (AS,AG): using p2=AB seq=30
2026-03-11 15:19:56,364 WARNING OVERFLOW bucket (AS,AG): using p2=AB seq=31
2026-03-11 15:19:56,364 WARNING OVERFLOW bucket (AS,AG): using p2=AB seq=32
2026-03-11 15:19:56,365 WARNING OVERFLOW bucket (AS,AG): using p2=AB seq=33
2026-03-11 15:19:56,634 WARNING OVERFLOW bucket (AS,AG): using p2=AB seq=34
2026-03-11 15:19:56,634 WARNING OVERFLOW bucket (AS,AG): using p2=AB seq=35
2026-03-11 15:19:56,635 WARNING OVERFLOW bucket (AS,AG): using p2=AB seq=36
2026-03-11 15:19:56,635 WARNING OVERFLOW bucket (AS,AG): using p2=AB seq=37
2026-03-11 15:19:56,635 WARNING OVERFLOW bucket (AS,AG): using p2=AB seq=38
2026-03-11 15:19:56,636 WARNING OVERFLOW bucket (AS,AG): using p2=AB seq=39
2026-03-11 15:19:56,636 WARNING OVERFLOW bucket (AS,AG): using p2=AB seq=40
2026-03-11 15:19:56,636 WARNING OVERFLOW bucket (AS,AG): using p2=AB seq=41
2026-03-11 15:19:56,990 WARNING OVERFLOW bucket (AS,AG): using p2=AB seq=42
2026-03-11 15:19:56,990 WARNING OVERFLOW bucket (AS,AG): using p2=AB seq=43
2026-03-11 15:19:56,991 WARNING OVERFLOW bucket (AS,AG): using p2=AB seq=44
2026-03-11 15:19:56,991 WARNING OVERFLOW bucket (AS,AG): using p2=AB seq=45
2026-03-11 15:19:56,994 WARNING OVERFLOW bucket (AS,AG): using p2=AB seq=46
2026-03-11 15:19:56,994 WARNING OVERFLOW bucket (AS,AG): using p2=AB seq=47
2026-03-11 15:19:56,995 WARNING OVERFLOW bucket (AS,AG): using p2=AB seq=48
2026-03-11 15:19:56,995 WARNING OVERFLOW bucket (AS,AG): using p2=AB seq=49
2026-03-11 15:19:56,995 WARNING OVERFLOW bucket (AS,AG): using p2=AB seq=50
2026-03-11 15:19:56,996 WARNING OVERFLOW bucket (AS,AG): using p2=AB seq=51
2026-03-11 15:19:56,997 WARNING OVERFLOW bucket (AS,AG): using p2=AB seq=52
2026-03-11 15:19:57,459 INFO     126,000/138,580 done
2026-03-11 15:19:57,466 WARNING OVERFLOW bucket (AS,AG): using p2=AB seq=53
2026-03-11 15:19:57,466 WARNING OVERFLOW bucket (AS,AG): using p2=AB seq=54
2026-03-11 15:19:57,466 WARNING OVERFLOW bucket (AS,AG): using p2=AB seq=55
2026-03-11 15:19:57,467 WARNING OVERFLOW bucket (AS,AG): using p2=AB seq=56
2026-03-11 15:19:57,467 WARNING OVERFLOW bucket (AS,AG): using p2=AB seq=57
2026-03-11 15:19:57,467 WARNING OVERFLOW bucket (AS,AG): using p2=AB seq=58
2026-03-11 15:19:57,467 WARNING OVERFLOW bucket (AS,AG): using p2=AB seq=59
2026-03-11 15:19:57,467 WARNING OVERFLOW bucket (AS,AG): using p2=AB seq=60
2026-03-11 15:19:57,468 WARNING OVERFLOW bucket (AS,AG): using p2=AB seq=61
2026-03-11 15:19:57,468 WARNING OVERFLOW bucket (AS,AG): using p2=AB seq=62
2026-03-11 15:19:57,468 WARNING OVERFLOW bucket (AS,AG): using p2=AB seq=63
2026-03-11 15:19:57,468 WARNING OVERFLOW bucket (AS,AG): using p2=AB seq=64
2026-03-11 15:19:58,586 WARNING OVERFLOW bucket (AS,AG): using p2=AB seq=65
2026-03-11 15:19:58,588 WARNING OVERFLOW bucket (AS,AG): using p2=AB seq=66
2026-03-11 15:19:58,589 WARNING OVERFLOW bucket (AS,AG): using p2=AB seq=67
2026-03-11 15:19:58,589 WARNING OVERFLOW bucket (AS,AG): using p2=AB seq=68
2026-03-11 15:19:58,589 WARNING OVERFLOW bucket (AS,AG): using p2=AB seq=69
2026-03-11 15:19:58,590 WARNING OVERFLOW bucket (AS,AG): using p2=AB seq=70
2026-03-11 15:19:58,590 WARNING OVERFLOW bucket (AS,AG): using p2=AB seq=71
2026-03-11 15:19:58,590 WARNING OVERFLOW bucket (AS,AG): using p2=AB seq=72
2026-03-11 15:19:58,591 WARNING OVERFLOW bucket (AS,AG): using p2=AB seq=73
2026-03-11 15:19:58,594 WARNING OVERFLOW bucket (AS,AG): using p2=AB seq=74
2026-03-11 15:19:58,594 WARNING OVERFLOW bucket (AS,AG): using p2=AB seq=75
2026-03-11 15:19:58,904 WARNING OVERFLOW bucket (AS,AG): using p2=AB seq=76
2026-03-11 15:19:58,905 WARNING OVERFLOW bucket (AS,AG): using p2=AB seq=77
2026-03-11 15:19:58,906 WARNING OVERFLOW bucket (AS,AG): using p2=AB seq=78
2026-03-11 15:19:58,907 WARNING OVERFLOW bucket (AS,AG): using p2=AB seq=79
2026-03-11 15:19:58,907 WARNING OVERFLOW bucket (AS,AG): using p2=AB seq=80
2026-03-11 15:19:58,908 WARNING OVERFLOW bucket (AS,AG): using p2=AB seq=81
2026-03-11 15:19:58,909 WARNING OVERFLOW bucket (AS,AG): using p2=AB seq=82
2026-03-11 15:19:59,402 WARNING OVERFLOW bucket (AS,AG): using p2=AB seq=83
2026-03-11 15:19:59,404 WARNING OVERFLOW bucket (AS,AG): using p2=AB seq=84
2026-03-11 15:19:59,406 WARNING OVERFLOW bucket (AS,AG): using p2=AB seq=85
2026-03-11 15:19:59,408 WARNING OVERFLOW bucket (AS,AG): using p2=AB seq=86
2026-03-11 15:19:59,410 WARNING OVERFLOW bucket (AS,AG): using p2=AB seq=87
2026-03-11 15:19:59,410 WARNING OVERFLOW bucket (AS,AG): using p2=AB seq=88
2026-03-11 15:19:59,410 WARNING OVERFLOW bucket (AS,AG): using p2=AB seq=89
2026-03-11 15:19:59,411 WARNING OVERFLOW bucket (AS,AG): using p2=AB seq=90
2026-03-11 15:19:59,411 WARNING OVERFLOW bucket (AS,AG): using p2=AB seq=91
2026-03-11 15:19:59,412 WARNING OVERFLOW bucket (AS,AG): using p2=AB seq=92
2026-03-11 15:19:59,412 WARNING OVERFLOW bucket (AS,AG): using p2=AB seq=93
2026-03-11 15:19:59,412 WARNING OVERFLOW bucket (AS,AG): using p2=AB seq=94
2026-03-11 15:19:59,740 INFO     128,000/138,580 done
2026-03-11 15:19:59,751 WARNING OVERFLOW bucket (AS,AG): using p2=AB seq=95
2026-03-11 15:19:59,751 WARNING OVERFLOW bucket (AS,AG): using p2=AB seq=96
2026-03-11 15:19:59,751 WARNING OVERFLOW bucket (AS,AG): using p2=AB seq=97
2026-03-11 15:19:59,752 WARNING OVERFLOW bucket (AS,AG): using p2=AB seq=98
2026-03-11 15:19:59,752 WARNING OVERFLOW bucket (AS,AG): using p2=AB seq=99
2026-03-11 15:19:59,752 WARNING OVERFLOW bucket (AS,AG): using p2=AB seq=100
2026-03-11 15:19:59,753 WARNING OVERFLOW bucket (AS,AG): using p2=AB seq=101
2026-03-11 15:19:59,756 WARNING OVERFLOW bucket (AS,AG): using p2=AB seq=102
2026-03-11 15:19:59,756 WARNING OVERFLOW bucket (AS,AG): using p2=AB seq=103
2026-03-11 15:19:59,757 WARNING OVERFLOW bucket (AS,AG): using p2=AB seq=104
2026-03-11 15:20:00,176 WARNING OVERFLOW bucket (AS,AG): using p2=AB seq=105
2026-03-11 15:20:00,178 WARNING OVERFLOW bucket (AS,AG): using p2=AB seq=106
2026-03-11 15:20:00,178 WARNING OVERFLOW bucket (AS,AG): using p2=AB seq=107
2026-03-11 15:20:00,179 WARNING OVERFLOW bucket (AS,AG): using p2=AB seq=108
2026-03-11 15:20:00,179 WARNING OVERFLOW bucket (AS,AG): using p2=AB seq=109
2026-03-11 15:20:00,180 WARNING OVERFLOW bucket (AS,AG): using p2=AB seq=110
2026-03-11 15:20:00,180 WARNING OVERFLOW bucket (AS,AG): using p2=AB seq=111
2026-03-11 15:20:00,183 WARNING OVERFLOW bucket (AS,AG): using p2=AB seq=112
2026-03-11 15:20:00,633 WARNING OVERFLOW bucket (AS,AG): using p2=AB seq=113
2026-03-11 15:20:00,635 WARNING OVERFLOW bucket (AS,AG): using p2=AB seq=114
2026-03-11 15:20:00,636 WARNING OVERFLOW bucket (AS,AG): using p2=AB seq=115
2026-03-11 15:20:00,638 WARNING OVERFLOW bucket (AB,AG): using p2=AB seq=0
2026-03-11 15:20:00,639 WARNING OVERFLOW bucket (AS,AG): using p2=AB seq=116
2026-03-11 15:20:00,639 WARNING OVERFLOW bucket (AB,AG): using p2=AB seq=1
2026-03-11 15:20:00,639 WARNING OVERFLOW bucket (AS,AG): using p2=AB seq=117
2026-03-11 15:20:00,640 WARNING OVERFLOW bucket (AS,AG): using p2=AB seq=118
2026-03-11 15:20:00,956 WARNING OVERFLOW bucket (AB,AG): using p2=AB seq=2
2026-03-11 15:20:00,956 WARNING OVERFLOW bucket (AS,AG): using p2=AB seq=119
2026-03-11 15:20:00,957 WARNING OVERFLOW bucket (AB,AG): using p2=AB seq=3
2026-03-11 15:20:00,957 WARNING OVERFLOW bucket (AB,AG): using p2=AB seq=4
2026-03-11 15:20:00,957 WARNING OVERFLOW bucket (AB,AG): using p2=AB seq=5
2026-03-11 15:20:00,957 WARNING OVERFLOW bucket (AS,AG): using p2=AB seq=120
2026-03-11 15:20:00,958 WARNING OVERFLOW bucket (AB,AG): using p2=AB seq=6
2026-03-11 15:20:00,958 WARNING OVERFLOW bucket (AS,AG): using p2=AB seq=121
2026-03-11 15:20:00,958 WARNING OVERFLOW bucket (AS,AG): using p2=AB seq=122
2026-03-11 15:20:00,959 WARNING OVERFLOW bucket (AB,AG): using p2=AB seq=7
2026-03-11 15:20:00,959 WARNING OVERFLOW bucket (AS,AG): using p2=AB seq=123
2026-03-11 15:20:00,961 WARNING OVERFLOW bucket (AS,AG): using p2=AB seq=124
2026-03-11 15:20:00,962 WARNING OVERFLOW bucket (AS,AG): using p2=AB seq=125
2026-03-11 15:20:00,962 WARNING OVERFLOW bucket (AS,AG): using p2=AB seq=126
2026-03-11 15:20:00,962 WARNING OVERFLOW bucket (AS,AG): using p2=AB seq=127
2026-03-11 15:20:00,963 WARNING OVERFLOW bucket (AB,AG): using p2=AB seq=8
2026-03-11 15:20:00,963 WARNING OVERFLOW bucket (AS,AG): using p2=AB seq=128
2026-03-11 15:20:00,964 WARNING OVERFLOW bucket (AS,AG): using p2=AB seq=129
2026-03-11 15:20:00,964 WARNING OVERFLOW bucket (AS,AG): using p2=AB seq=130
2026-03-11 15:20:01,462 INFO     130,000/138,580 done
2026-03-11 15:20:01,470 WARNING OVERFLOW bucket (AB,AG): using p2=AB seq=9
2026-03-11 15:20:01,470 WARNING OVERFLOW bucket (AB,AG): using p2=AB seq=10
2026-03-11 15:20:01,470 WARNING OVERFLOW bucket (AS,AG): using p2=AB seq=131
2026-03-11 15:20:01,470 WARNING OVERFLOW bucket (AS,AG): using p2=AB seq=132
2026-03-11 15:20:01,470 WARNING OVERFLOW bucket (AB,AG): using p2=AB seq=11
2026-03-11 15:20:01,471 WARNING OVERFLOW bucket (AS,AG): using p2=AB seq=133
2026-03-11 15:20:01,471 WARNING OVERFLOW bucket (AB,AG): using p2=AB seq=12
2026-03-11 15:20:01,471 WARNING OVERFLOW bucket (AB,AG): using p2=AB seq=13
2026-03-11 15:20:01,472 WARNING OVERFLOW bucket (AB,AG): using p2=AB seq=14
2026-03-11 15:20:01,473 WARNING OVERFLOW bucket (AB,AG): using p2=AB seq=15
2026-03-11 15:20:01,474 WARNING OVERFLOW bucket (AB,AG): using p2=AB seq=16
2026-03-11 15:20:01,474 WARNING OVERFLOW bucket (AS,AG): using p2=AB seq=134
2026-03-11 15:20:01,475 WARNING OVERFLOW bucket (AS,AG): using p2=AB seq=135
2026-03-11 15:20:01,475 WARNING OVERFLOW bucket (AS,AG): using p2=AB seq=136
2026-03-11 15:20:01,477 WARNING OVERFLOW bucket (AB,AG): using p2=AB seq=17
2026-03-11 15:20:01,477 WARNING OVERFLOW bucket (AS,AG): using p2=AB seq=137
2026-03-11 15:20:01,478 WARNING OVERFLOW bucket (AB,AG): using p2=AB seq=18
2026-03-11 15:20:02,013 WARNING OVERFLOW bucket (AS,AG): using p2=AB seq=138
2026-03-11 15:20:02,014 WARNING OVERFLOW bucket (AB,AG): using p2=AB seq=19
2026-03-11 15:20:02,017 WARNING OVERFLOW bucket (AS,AG): using p2=AB seq=139
2026-03-11 15:20:02,018 WARNING OVERFLOW bucket (AS,AG): using p2=AB seq=140
2026-03-11 15:20:02,019 WARNING OVERFLOW bucket (AB,AG): using p2=AB seq=20
2026-03-11 15:20:02,020 WARNING OVERFLOW bucket (AB,AG): using p2=AB seq=21
2026-03-11 15:20:02,021 WARNING OVERFLOW bucket (AB,AG): using p2=AB seq=22
2026-03-11 15:20:02,021 WARNING OVERFLOW bucket (AB,AG): using p2=AB seq=23
2026-03-11 15:20:02,022 WARNING OVERFLOW bucket (AS,AG): using p2=AB seq=141
2026-03-11 15:20:02,023 WARNING OVERFLOW bucket (AS,AG): using p2=AB seq=142
2026-03-11 15:20:02,390 WARNING OVERFLOW bucket (AS,AG): using p2=AB seq=143
2026-03-11 15:20:02,390 WARNING OVERFLOW bucket (AS,AG): using p2=AB seq=144
2026-03-11 15:20:02,390 WARNING OVERFLOW bucket (AB,AG): using p2=AB seq=24
2026-03-11 15:20:02,391 WARNING OVERFLOW bucket (AS,AG): using p2=AB seq=145
2026-03-11 15:20:02,391 WARNING OVERFLOW bucket (AS,AG): using p2=AB seq=146
2026-03-11 15:20:02,392 WARNING OVERFLOW bucket (AS,AG): using p2=AB seq=147
2026-03-11 15:20:02,392 WARNING OVERFLOW bucket (AS,AG): using p2=AB seq=148
2026-03-11 15:20:02,392 WARNING OVERFLOW bucket (AS,AG): using p2=AB seq=149
2026-03-11 15:20:02,392 WARNING OVERFLOW bucket (AB,AG): using p2=AB seq=25
2026-03-11 15:20:02,393 WARNING OVERFLOW bucket (AB,AG): using p2=AB seq=26
2026-03-11 15:20:02,393 WARNING OVERFLOW bucket (AS,AG): using p2=AB seq=150
2026-03-11 15:20:02,393 WARNING OVERFLOW bucket (AS,AG): using p2=AB seq=151
2026-03-11 15:20:02,394 WARNING OVERFLOW bucket (AS,AG): using p2=AB seq=152
2026-03-11 15:20:02,394 WARNING OVERFLOW bucket (AS,AG): using p2=AB seq=153
2026-03-11 15:20:02,394 WARNING OVERFLOW bucket (AS,AG): using p2=AB seq=154
2026-03-11 15:20:02,395 WARNING OVERFLOW bucket (AB,AG): using p2=AB seq=27
2026-03-11 15:20:02,395 WARNING OVERFLOW bucket (AB,AG): using p2=AB seq=28
2026-03-11 15:20:02,395 WARNING OVERFLOW bucket (AS,AG): using p2=AB seq=155
2026-03-11 15:20:02,395 WARNING OVERFLOW bucket (AB,AG): using p2=AB seq=29
2026-03-11 15:20:02,396 WARNING OVERFLOW bucket (AS,AG): using p2=AB seq=156
2026-03-11 15:20:02,396 WARNING OVERFLOW bucket (AS,AG): using p2=AB seq=157
2026-03-11 15:20:02,693 WARNING OVERFLOW bucket (AS,AG): using p2=AB seq=158
2026-03-11 15:20:02,694 WARNING OVERFLOW bucket (AB,AG): using p2=AB seq=30
2026-03-11 15:20:02,694 WARNING OVERFLOW bucket (AB,AG): using p2=AB seq=31
2026-03-11 15:20:02,695 WARNING OVERFLOW bucket (AS,AG): using p2=AB seq=159
2026-03-11 15:20:02,696 WARNING OVERFLOW bucket (AB,AG): using p2=AB seq=32
2026-03-11 15:20:02,696 WARNING OVERFLOW bucket (AB,AG): using p2=AB seq=33
2026-03-11 15:20:02,697 WARNING OVERFLOW bucket (AB,AG): using p2=AB seq=34
2026-03-11 15:20:02,698 WARNING OVERFLOW bucket (AS,AG): using p2=AB seq=160
2026-03-11 15:20:02,698 WARNING OVERFLOW bucket (AS,AG): using p2=AB seq=161
2026-03-11 15:20:02,699 WARNING OVERFLOW bucket (AB,AG): using p2=AB seq=35
2026-03-11 15:20:02,699 WARNING OVERFLOW bucket (AS,AG): using p2=AB seq=162
2026-03-11 15:20:02,700 WARNING OVERFLOW bucket (AS,AG): using p2=AB seq=163
2026-03-11 15:20:03,188 INFO     132,000/138,580 done
2026-03-11 15:20:03,203 WARNING OVERFLOW bucket (AB,AG): using p2=AB seq=36
2026-03-11 15:20:03,203 WARNING OVERFLOW bucket (AB,AG): using p2=AB seq=37
2026-03-11 15:20:03,205 WARNING OVERFLOW bucket (AS,AG): using p2=AB seq=164
2026-03-11 15:20:03,206 WARNING OVERFLOW bucket (AB,AG): using p2=AB seq=38
2026-03-11 15:20:03,207 WARNING OVERFLOW bucket (AB,AG): using p2=AB seq=39
2026-03-11 15:20:03,207 WARNING OVERFLOW bucket (AS,AG): using p2=AB seq=165
2026-03-11 15:20:03,208 WARNING OVERFLOW bucket (AB,AG): using p2=AB seq=40
2026-03-11 15:20:03,209 WARNING OVERFLOW bucket (AB,AG): using p2=AB seq=41
2026-03-11 15:20:03,210 WARNING OVERFLOW bucket (AS,AG): using p2=AB seq=166
2026-03-11 15:20:03,211 WARNING OVERFLOW bucket (AB,AG): using p2=AB seq=42
2026-03-11 15:20:03,212 WARNING OVERFLOW bucket (AS,AG): using p2=AB seq=167
2026-03-11 15:20:03,212 WARNING OVERFLOW bucket (AB,AG): using p2=AB seq=43
2026-03-11 15:20:03,648 WARNING OVERFLOW bucket (AB,AG): using p2=AB seq=44
2026-03-11 15:20:03,649 WARNING OVERFLOW bucket (AB,AG): using p2=AB seq=45
2026-03-11 15:20:03,650 WARNING OVERFLOW bucket (AS,AG): using p2=AB seq=168
2026-03-11 15:20:03,650 WARNING OVERFLOW bucket (AB,AG): using p2=AB seq=46
2026-03-11 15:20:03,650 WARNING OVERFLOW bucket (AB,AG): using p2=AB seq=47
2026-03-11 15:20:03,651 WARNING OVERFLOW bucket (AB,AG): using p2=AB seq=48
2026-03-11 15:20:03,651 WARNING OVERFLOW bucket (AB,AG): using p2=AB seq=49
2026-03-11 15:20:03,651 WARNING OVERFLOW bucket (AS,AG): using p2=AB seq=169
2026-03-11 15:20:03,652 WARNING OVERFLOW bucket (AB,AG): using p2=AB seq=50
2026-03-11 15:20:03,653 WARNING OVERFLOW bucket (AB,AG): using p2=AB seq=51
2026-03-11 15:20:03,654 WARNING OVERFLOW bucket (AB,AG): using p2=AB seq=52
2026-03-11 15:20:03,654 WARNING OVERFLOW bucket (AB,AG): using p2=AB seq=53
2026-03-11 15:20:03,656 WARNING OVERFLOW bucket (AB,AG): using p2=AB seq=54
2026-03-11 15:20:03,657 WARNING OVERFLOW bucket (AB,AG): using p2=AB seq=55
2026-03-11 15:20:03,657 WARNING OVERFLOW bucket (AB,AG): using p2=AB seq=56
2026-03-11 15:20:03,658 WARNING OVERFLOW bucket (AB,AG): using p2=AB seq=57
2026-03-11 15:20:04,150 WARNING OVERFLOW bucket (AB,AG): using p2=AB seq=58
2026-03-11 15:20:04,151 WARNING OVERFLOW bucket (AS,AG): using p2=AB seq=170
2026-03-11 15:20:04,151 WARNING OVERFLOW bucket (AB,AG): using p2=AB seq=59
2026-03-11 15:20:04,151 WARNING OVERFLOW bucket (AS,AG): using p2=AB seq=171
2026-03-11 15:20:04,152 WARNING OVERFLOW bucket (AS,AG): using p2=AB seq=172
2026-03-11 15:20:04,152 WARNING OVERFLOW bucket (AB,AG): using p2=AB seq=60
2026-03-11 15:20:04,153 WARNING OVERFLOW bucket (AS,AG): using p2=AB seq=173
2026-03-11 15:20:04,153 WARNING OVERFLOW bucket (AS,AG): using p2=AB seq=174
2026-03-11 15:20:04,154 WARNING OVERFLOW bucket (AS,AG): using p2=AB seq=175
2026-03-11 15:20:04,155 WARNING OVERFLOW bucket (AS,AG): using p2=AB seq=176
2026-03-11 15:20:04,155 WARNING OVERFLOW bucket (AS,AG): using p2=AB seq=177
2026-03-11 15:20:04,155 WARNING OVERFLOW bucket (AS,AG): using p2=AB seq=178
2026-03-11 15:20:04,156 WARNING OVERFLOW bucket (AS,AG): using p2=AB seq=179
2026-03-11 15:20:04,156 WARNING OVERFLOW bucket (AB,AG): using p2=AB seq=61
2026-03-11 15:20:04,157 WARNING OVERFLOW bucket (AB,AG): using p2=AB seq=62
2026-03-11 15:20:04,158 WARNING OVERFLOW bucket (AB,AG): using p2=AB seq=63
2026-03-11 15:20:04,159 WARNING OVERFLOW bucket (AS,AG): using p2=AB seq=180
2026-03-11 15:20:04,159 WARNING OVERFLOW bucket (AS,AG): using p2=AB seq=181
2026-03-11 15:20:04,159 WARNING OVERFLOW bucket (AS,AG): using p2=AB seq=182
2026-03-11 15:20:04,160 WARNING OVERFLOW bucket (AB,AG): using p2=AB seq=64
2026-03-11 15:20:04,160 WARNING OVERFLOW bucket (AS,AG): using p2=AB seq=183
2026-03-11 15:20:04,160 WARNING OVERFLOW bucket (AS,AG): using p2=AB seq=184
2026-03-11 15:20:04,161 WARNING OVERFLOW bucket (AS,AG): using p2=AB seq=185
2026-03-11 15:20:04,161 WARNING OVERFLOW bucket (AB,AG): using p2=AB seq=65
2026-03-11 15:20:04,729 WARNING OVERFLOW bucket (AS,AG): using p2=AB seq=186
2026-03-11 15:20:04,729 WARNING OVERFLOW bucket (AS,AG): using p2=AB seq=187
2026-03-11 15:20:04,730 WARNING OVERFLOW bucket (AS,AG): using p2=AB seq=188
2026-03-11 15:20:04,730 WARNING OVERFLOW bucket (AS,AG): using p2=AB seq=189
2026-03-11 15:20:04,730 WARNING OVERFLOW bucket (AB,AG): using p2=AB seq=66
2026-03-11 15:20:04,731 WARNING OVERFLOW bucket (AB,AG): using p2=AB seq=67
2026-03-11 15:20:04,731 WARNING OVERFLOW bucket (AB,AG): using p2=AB seq=68
2026-03-11 15:20:04,731 WARNING OVERFLOW bucket (AB,AG): using p2=AB seq=69
2026-03-11 15:20:04,732 WARNING OVERFLOW bucket (AB,AG): using p2=AB seq=70
2026-03-11 15:20:05,122 INFO     134,000/138,580 done
2026-03-11 15:20:05,131 WARNING OVERFLOW bucket (AS,AG): using p2=AB seq=190
2026-03-11 15:20:05,132 WARNING OVERFLOW bucket (AS,AG): using p2=AB seq=191
2026-03-11 15:20:05,132 WARNING OVERFLOW bucket (AS,AH): using p2=AB seq=0
2026-03-11 15:20:05,132 WARNING OVERFLOW bucket (AS,AH): using p2=AB seq=1
2026-03-11 15:20:05,132 WARNING OVERFLOW bucket (AS,AH): using p2=AB seq=2
2026-03-11 15:20:05,132 WARNING OVERFLOW bucket (AS,AG): using p2=AB seq=192
2026-03-11 15:20:05,133 WARNING OVERFLOW bucket (AB,AG): using p2=AB seq=71
2026-03-11 15:20:05,134 WARNING OVERFLOW bucket (AB,AG): using p2=AB seq=72
2026-03-11 15:20:05,685 WARNING OVERFLOW bucket (AB,AG): using p2=AB seq=73
2026-03-11 15:20:05,686 WARNING OVERFLOW bucket (AS,AG): using p2=AB seq=193
2026-03-11 15:20:05,687 WARNING OVERFLOW bucket (AS,AH): using p2=AB seq=3
2026-03-11 15:20:05,687 WARNING OVERFLOW bucket (AS,AH): using p2=AB seq=4
2026-03-11 15:20:05,688 WARNING OVERFLOW bucket (AS,AH): using p2=AB seq=5
2026-03-11 15:20:05,688 WARNING OVERFLOW bucket (AB,AG): using p2=AB seq=74
2026-03-11 15:20:05,689 WARNING OVERFLOW bucket (AS,AG): using p2=AB seq=194
2026-03-11 15:20:05,689 WARNING OVERFLOW bucket (AB,AG): using p2=AB seq=75
2026-03-11 15:20:05,690 WARNING OVERFLOW bucket (AB,AG): using p2=AB seq=76
2026-03-11 15:20:05,690 WARNING OVERFLOW bucket (AB,AG): using p2=AB seq=77
2026-03-11 15:20:05,691 WARNING OVERFLOW bucket (AB,AG): using p2=AB seq=78
2026-03-11 15:20:05,691 WARNING OVERFLOW bucket (AB,AG): using p2=AB seq=79
2026-03-11 15:20:05,691 WARNING OVERFLOW bucket (AB,AG): using p2=AB seq=80
2026-03-11 15:20:05,691 WARNING OVERFLOW bucket (AB,AG): using p2=AB seq=81
2026-03-11 15:20:05,692 WARNING OVERFLOW bucket (AS,AG): using p2=AB seq=195
2026-03-11 15:20:05,692 WARNING OVERFLOW bucket (AS,AG): using p2=AB seq=196
2026-03-11 15:20:05,693 WARNING OVERFLOW bucket (AB,AG): using p2=AB seq=82
2026-03-11 15:20:05,693 WARNING OVERFLOW bucket (AS,AH): using p2=AB seq=6
2026-03-11 15:20:05,694 WARNING OVERFLOW bucket (AS,AH): using p2=AB seq=7
2026-03-11 15:20:05,694 WARNING OVERFLOW bucket (AS,AG): using p2=AB seq=197
2026-03-11 15:20:05,694 WARNING OVERFLOW bucket (AS,AH): using p2=AB seq=8
2026-03-11 15:20:05,695 WARNING OVERFLOW bucket (AB,AG): using p2=AB seq=83
2026-03-11 15:20:05,696 WARNING OVERFLOW bucket (AS,AG): using p2=AB seq=198
2026-03-11 15:20:05,697 WARNING OVERFLOW bucket (AS,AH): using p2=AB seq=9
2026-03-11 15:20:05,697 WARNING OVERFLOW bucket (AB,AG): using p2=AB seq=84
2026-03-11 15:20:05,698 WARNING OVERFLOW bucket (AS,AG): using p2=AB seq=199
2026-03-11 15:20:05,698 WARNING OVERFLOW bucket (AB,AG): using p2=AB seq=85
2026-03-11 15:20:05,698 WARNING OVERFLOW bucket (AS,AH): using p2=AB seq=10
2026-03-11 15:20:06,282 WARNING OVERFLOW bucket (AS,AG): using p2=AB seq=200
2026-03-11 15:20:06,282 WARNING OVERFLOW bucket (AS,AH): using p2=AB seq=11
2026-03-11 15:20:06,282 WARNING OVERFLOW bucket (AB,AG): using p2=AB seq=86
2026-03-11 15:20:06,282 WARNING OVERFLOW bucket (AB,AG): using p2=AB seq=87
2026-03-11 15:20:06,282 WARNING OVERFLOW bucket (AB,AG): using p2=AB seq=88
2026-03-11 15:20:06,283 WARNING OVERFLOW bucket (AB,AG): using p2=AB seq=89
2026-03-11 15:20:06,283 WARNING OVERFLOW bucket (AB,AG): using p2=AB seq=90
2026-03-11 15:20:06,284 WARNING OVERFLOW bucket (AS,AG): using p2=AB seq=201
2026-03-11 15:20:06,284 WARNING OVERFLOW bucket (AS,AH): using p2=AB seq=12
2026-03-11 15:20:06,284 WARNING OVERFLOW bucket (AB,AG): using p2=AB seq=91
2026-03-11 15:20:06,284 WARNING OVERFLOW bucket (AS,AH): using p2=AB seq=13
2026-03-11 15:20:06,284 WARNING OVERFLOW bucket (AB,AG): using p2=AB seq=92
2026-03-11 15:20:06,285 WARNING OVERFLOW bucket (AS,AH): using p2=AB seq=14
2026-03-11 15:20:06,285 WARNING OVERFLOW bucket (AB,AG): using p2=AB seq=93
2026-03-11 15:20:06,285 WARNING OVERFLOW bucket (AS,AH): using p2=AB seq=15
2026-03-11 15:20:06,285 WARNING OVERFLOW bucket (AS,AH): using p2=AB seq=16
2026-03-11 15:20:06,286 WARNING OVERFLOW bucket (AS,AG): using p2=AB seq=202
2026-03-11 15:20:06,286 WARNING OVERFLOW bucket (AB,AG): using p2=AB seq=94
2026-03-11 15:20:06,286 WARNING OVERFLOW bucket (AS,AH): using p2=AB seq=17
2026-03-11 15:20:06,286 WARNING OVERFLOW bucket (AS,AG): using p2=AB seq=203
2026-03-11 15:20:06,287 WARNING OVERFLOW bucket (AS,AG): using p2=AB seq=204
2026-03-11 15:20:06,287 WARNING OVERFLOW bucket (AB,AG): using p2=AB seq=95
2026-03-11 15:20:06,287 WARNING OVERFLOW bucket (AM,AG): using p2=AB seq=0
2026-03-11 15:20:06,656 WARNING OVERFLOW bucket (AB,AG): using p2=AB seq=96
2026-03-11 15:20:06,656 WARNING OVERFLOW bucket (AB,AG): using p2=AB seq=97
2026-03-11 15:20:06,657 WARNING OVERFLOW bucket (AM,AG): using p2=AB seq=1
2026-03-11 15:20:06,657 WARNING OVERFLOW bucket (AS,AH): using p2=AB seq=18
2026-03-11 15:20:06,657 WARNING OVERFLOW bucket (AS,AH): using p2=AB seq=19
2026-03-11 15:20:06,657 WARNING OVERFLOW bucket (AM,AG): using p2=AB seq=2
2026-03-11 15:20:06,658 WARNING OVERFLOW bucket (AB,AG): using p2=AB seq=98
2026-03-11 15:20:06,658 WARNING OVERFLOW bucket (AB,AG): using p2=AB seq=99
2026-03-11 15:20:06,658 WARNING OVERFLOW bucket (AB,AG): using p2=AB seq=100
2026-03-11 15:20:06,658 WARNING OVERFLOW bucket (AB,AG): using p2=AB seq=101
2026-03-11 15:20:06,659 WARNING OVERFLOW bucket (AM,AG): using p2=AB seq=3
2026-03-11 15:20:06,660 WARNING OVERFLOW bucket (AB,AG): using p2=AB seq=102
2026-03-11 15:20:06,661 WARNING OVERFLOW bucket (AM,AG): using p2=AB seq=4
2026-03-11 15:20:06,661 WARNING OVERFLOW bucket (AS,AG): using p2=AB seq=205
2026-03-11 15:20:06,661 WARNING OVERFLOW bucket (AM,AG): using p2=AB seq=5
2026-03-11 15:20:06,662 WARNING OVERFLOW bucket (AB,AG): using p2=AB seq=103
2026-03-11 15:20:06,662 WARNING OVERFLOW bucket (AB,AG): using p2=AB seq=104
2026-03-11 15:20:06,663 WARNING OVERFLOW bucket (AS,AG): using p2=AB seq=206
2026-03-11 15:20:06,663 WARNING OVERFLOW bucket (AS,AH): using p2=AB seq=20
2026-03-11 15:20:06,663 WARNING OVERFLOW bucket (AS,AH): using p2=AB seq=21
2026-03-11 15:20:06,664 WARNING OVERFLOW bucket (AB,AG): using p2=AB seq=105
2026-03-11 15:20:06,664 WARNING OVERFLOW bucket (AM,AG): using p2=AB seq=6
2026-03-11 15:20:06,665 WARNING OVERFLOW bucket (AM,AG): using p2=AB seq=7
2026-03-11 15:20:06,665 WARNING OVERFLOW bucket (AB,AG): using p2=AB seq=106
2026-03-11 15:20:06,666 WARNING OVERFLOW bucket (AM,AG): using p2=AB seq=8
2026-03-11 15:20:06,666 WARNING OVERFLOW bucket (AB,AG): using p2=AB seq=107
2026-03-11 15:20:06,667 WARNING OVERFLOW bucket (AB,AG): using p2=AB seq=108
2026-03-11 15:20:06,668 WARNING OVERFLOW bucket (AB,AG): using p2=AB seq=109
2026-03-11 15:20:06,669 WARNING OVERFLOW bucket (AB,AG): using p2=AB seq=110
2026-03-11 15:20:06,669 WARNING OVERFLOW bucket (AB,AG): using p2=AB seq=111
2026-03-11 15:20:06,669 WARNING OVERFLOW bucket (AB,AG): using p2=AB seq=112
2026-03-11 15:20:06,670 WARNING OVERFLOW bucket (AM,AG): using p2=AB seq=9
2026-03-11 15:20:06,670 WARNING OVERFLOW bucket (AM,AG): using p2=AB seq=10
2026-03-11 15:20:06,671 WARNING OVERFLOW bucket (AM,AG): using p2=AB seq=11
2026-03-11 15:20:07,236 INFO     136,000/138,580 done
2026-03-11 15:20:07,244 WARNING OVERFLOW bucket (AS,AH): using p2=AB seq=22
2026-03-11 15:20:07,244 WARNING OVERFLOW bucket (AM,AG): using p2=AB seq=12
2026-03-11 15:20:07,244 WARNING OVERFLOW bucket (AS,AH): using p2=AB seq=23
2026-03-11 15:20:07,244 WARNING OVERFLOW bucket (AM,AG): using p2=AB seq=13
2026-03-11 15:20:07,244 WARNING OVERFLOW bucket (AS,AG): using p2=AB seq=207
2026-03-11 15:20:07,245 WARNING OVERFLOW bucket (AB,AG): using p2=AB seq=113
2026-03-11 15:20:07,246 WARNING OVERFLOW bucket (AB,AG): using p2=AB seq=114
2026-03-11 15:20:07,246 WARNING OVERFLOW bucket (AB,AG): using p2=AB seq=115
2026-03-11 15:20:07,247 WARNING OVERFLOW bucket (AM,AG): using p2=AB seq=14
2026-03-11 15:20:07,247 WARNING OVERFLOW bucket (AM,AG): using p2=AB seq=15
2026-03-11 15:20:07,247 WARNING OVERFLOW bucket (AS,AH): using p2=AB seq=24
2026-03-11 15:20:07,247 WARNING OVERFLOW bucket (AB,AG): using p2=AB seq=116
2026-03-11 15:20:07,248 WARNING OVERFLOW bucket (AS,AG): using p2=AB seq=208
2026-03-11 15:20:07,248 WARNING OVERFLOW bucket (AM,AG): using p2=AB seq=16
2026-03-11 15:20:07,249 WARNING OVERFLOW bucket (AM,AG): using p2=AB seq=17
2026-03-11 15:20:07,249 WARNING OVERFLOW bucket (AM,AG): using p2=AB seq=18
2026-03-11 15:20:07,250 WARNING OVERFLOW bucket (AB,AG): using p2=AB seq=117
2026-03-11 15:20:07,250 WARNING OVERFLOW bucket (AM,AG): using p2=AB seq=19
2026-03-11 15:20:07,251 WARNING OVERFLOW bucket (AM,AG): using p2=AB seq=20
2026-03-11 15:20:07,252 WARNING OVERFLOW bucket (AM,AG): using p2=AB seq=21
2026-03-11 15:20:07,252 WARNING OVERFLOW bucket (AS,AG): using p2=AB seq=209
2026-03-11 15:20:07,252 WARNING OVERFLOW bucket (AB,AG): using p2=AB seq=118
2026-03-11 15:20:07,252 WARNING OVERFLOW bucket (AM,AG): using p2=AB seq=22
2026-03-11 15:20:07,253 WARNING OVERFLOW bucket (AB,AG): using p2=AB seq=119
2026-03-11 15:20:07,253 WARNING OVERFLOW bucket (AB,AG): using p2=AB seq=120
2026-03-11 15:20:07,254 WARNING OVERFLOW bucket (AB,AG): using p2=AB seq=121
2026-03-11 15:20:07,254 WARNING OVERFLOW bucket (AB,AG): using p2=AB seq=122
2026-03-11 15:20:07,254 WARNING OVERFLOW bucket (AM,AG): using p2=AB seq=23
2026-03-11 15:20:07,255 WARNING OVERFLOW bucket (AM,AG): using p2=AB seq=24
2026-03-11 15:20:07,255 WARNING OVERFLOW bucket (AB,AG): using p2=AB seq=123
2026-03-11 15:20:07,256 WARNING OVERFLOW bucket (AM,AG): using p2=AB seq=25
2026-03-11 15:20:07,256 WARNING OVERFLOW bucket (AM,AG): using p2=AB seq=26
2026-03-11 15:20:07,257 WARNING OVERFLOW bucket (AS,AH): using p2=AB seq=25
2026-03-11 15:20:07,257 WARNING OVERFLOW bucket (AM,AG): using p2=AB seq=27
2026-03-11 15:20:07,258 WARNING OVERFLOW bucket (AS,AH): using p2=AB seq=26
2026-03-11 15:20:07,258 WARNING OVERFLOW bucket (AB,AG): using p2=AB seq=124
2026-03-11 15:20:07,258 WARNING OVERFLOW bucket (AB,AG): using p2=AB seq=125
2026-03-11 15:20:07,259 WARNING OVERFLOW bucket (AS,AH): using p2=AB seq=27
2026-03-11 15:20:07,259 WARNING OVERFLOW bucket (AB,AG): using p2=AB seq=126
2026-03-11 15:20:07,259 WARNING OVERFLOW bucket (AM,AG): using p2=AB seq=28
2026-03-11 15:20:07,260 WARNING OVERFLOW bucket (AB,AG): using p2=AB seq=127
2026-03-11 15:20:07,668 WARNING OVERFLOW bucket (AM,AG): using p2=AB seq=29
2026-03-11 15:20:07,669 WARNING OVERFLOW bucket (AM,AG): using p2=AB seq=30
2026-03-11 15:20:07,669 WARNING OVERFLOW bucket (AB,AG): using p2=AB seq=128
2026-03-11 15:20:07,670 WARNING OVERFLOW bucket (AM,AG): using p2=AB seq=31
2026-03-11 15:20:07,670 WARNING OVERFLOW bucket (AB,AG): using p2=AB seq=129
2026-03-11 15:20:07,670 WARNING OVERFLOW bucket (AM,AG): using p2=AB seq=32
2026-03-11 15:20:07,671 WARNING OVERFLOW bucket (AM,AG): using p2=AB seq=33
2026-03-11 15:20:07,671 WARNING OVERFLOW bucket (AS,AG): using p2=AB seq=210
2026-03-11 15:20:07,671 WARNING OVERFLOW bucket (AB,AG): using p2=AB seq=130
2026-03-11 15:20:07,672 WARNING OVERFLOW bucket (AB,AG): using p2=AB seq=131
2026-03-11 15:20:07,672 WARNING OVERFLOW bucket (AB,AG): using p2=AB seq=132
2026-03-11 15:20:07,672 WARNING OVERFLOW bucket (AB,AG): using p2=AB seq=133
2026-03-11 15:20:07,673 WARNING OVERFLOW bucket (AB,AG): using p2=AB seq=134
2026-03-11 15:20:07,673 WARNING OVERFLOW bucket (AB,AG): using p2=AB seq=135
2026-03-11 15:20:07,673 WARNING OVERFLOW bucket (AB,AG): using p2=AB seq=136
2026-03-11 15:20:07,673 WARNING OVERFLOW bucket (AB,AG): using p2=AB seq=137
2026-03-11 15:20:07,674 WARNING OVERFLOW bucket (AM,AG): using p2=AB seq=34
2026-03-11 15:20:07,674 WARNING OVERFLOW bucket (AM,AG): using p2=AB seq=35
2026-03-11 15:20:07,675 WARNING OVERFLOW bucket (AB,AG): using p2=AB seq=138
2026-03-11 15:20:07,676 WARNING OVERFLOW bucket (AM,AG): using p2=AB seq=36
2026-03-11 15:20:07,676 WARNING OVERFLOW bucket (AS,AG): using p2=AB seq=211
2026-03-11 15:20:07,677 WARNING OVERFLOW bucket (AB,AG): using p2=AB seq=139
2026-03-11 15:20:07,678 WARNING OVERFLOW bucket (AM,AG): using p2=AB seq=37
2026-03-11 15:20:07,678 WARNING OVERFLOW bucket (AB,AG): using p2=AB seq=140
2026-03-11 15:20:07,678 WARNING OVERFLOW bucket (AB,AG): using p2=AB seq=141
2026-03-11 15:20:07,679 WARNING OVERFLOW bucket (AS,AH): using p2=AB seq=28
2026-03-11 15:20:07,679 WARNING OVERFLOW bucket (AB,AG): using p2=AB seq=142
2026-03-11 15:20:07,680 WARNING OVERFLOW bucket (AS,AG): using p2=AB seq=212
2026-03-11 15:20:07,680 WARNING OVERFLOW bucket (AM,AG): using p2=AB seq=38
2026-03-11 15:20:07,680 WARNING OVERFLOW bucket (AS,AG): using p2=AB seq=213
2026-03-11 15:20:07,680 WARNING OVERFLOW bucket (AB,AG): using p2=AB seq=143
2026-03-11 15:20:07,681 WARNING OVERFLOW bucket (AB,AG): using p2=AB seq=144
2026-03-11 15:20:07,681 WARNING OVERFLOW bucket (AS,AH): using p2=AB seq=29
2026-03-11 15:20:07,681 WARNING OVERFLOW bucket (AS,AG): using p2=AB seq=214
2026-03-11 15:20:07,681 WARNING OVERFLOW bucket (AS,AH): using p2=AB seq=30
2026-03-11 15:20:07,682 WARNING OVERFLOW bucket (AM,AG): using p2=AB seq=39
2026-03-11 15:20:07,682 WARNING OVERFLOW bucket (AS,AH): using p2=AB seq=31
2026-03-11 15:20:07,683 WARNING OVERFLOW bucket (AB,AG): using p2=AB seq=145
2026-03-11 15:20:07,683 WARNING OVERFLOW bucket (AB,AG): using p2=AB seq=146
2026-03-11 15:20:07,684 WARNING OVERFLOW bucket (AM,AG): using p2=AB seq=40
2026-03-11 15:20:08,017 WARNING OVERFLOW bucket (AS,AH): using p2=AB seq=32
2026-03-11 15:20:08,017 WARNING OVERFLOW bucket (AM,AG): using p2=AB seq=41
2026-03-11 15:20:08,018 WARNING OVERFLOW bucket (AS,AG): using p2=AB seq=215
2026-03-11 15:20:08,018 WARNING OVERFLOW bucket (AS,AH): using p2=AB seq=33
2026-03-11 15:20:08,018 WARNING OVERFLOW bucket (AB,AG): using p2=AB seq=147
2026-03-11 15:20:08,019 WARNING OVERFLOW bucket (AM,AG): using p2=AB seq=42
2026-03-11 15:20:08,019 WARNING OVERFLOW bucket (AS,AG): using p2=AB seq=216
2026-03-11 15:20:08,020 WARNING OVERFLOW bucket (AS,AG): using p2=AB seq=217
2026-03-11 15:20:08,020 WARNING OVERFLOW bucket (AM,AG): using p2=AB seq=43
2026-03-11 15:20:08,020 WARNING OVERFLOW bucket (AM,AG): using p2=AB seq=44
2026-03-11 15:20:08,020 WARNING OVERFLOW bucket (AM,AG): using p2=AB seq=45
2026-03-11 15:20:08,021 WARNING OVERFLOW bucket (AS,AG): using p2=AB seq=218
2026-03-11 15:20:08,021 WARNING OVERFLOW bucket (AM,AG): using p2=AB seq=46
2026-03-11 15:20:08,022 WARNING OVERFLOW bucket (AM,AG): using p2=AB seq=47
2026-03-11 15:20:08,023 WARNING OVERFLOW bucket (AM,AG): using p2=AB seq=48
2026-03-11 15:20:08,023 WARNING OVERFLOW bucket (AM,AG): using p2=AB seq=49
2026-03-11 15:20:08,023 WARNING OVERFLOW bucket (AM,AG): using p2=AB seq=50
2026-03-11 15:20:08,024 WARNING OVERFLOW bucket (AM,AG): using p2=AB seq=51
2026-03-11 15:20:08,024 WARNING OVERFLOW bucket (AS,AG): using p2=AB seq=219
2026-03-11 15:20:08,024 WARNING OVERFLOW bucket (AM,AG): using p2=AB seq=52
2026-03-11 15:20:08,025 WARNING OVERFLOW bucket (AS,AH): using p2=AB seq=34
2026-03-11 15:20:08,025 WARNING OVERFLOW bucket (AM,AG): using p2=AB seq=53
2026-03-11 15:20:08,025 WARNING OVERFLOW bucket (AM,AG): using p2=AB seq=54
2026-03-11 15:20:08,026 WARNING OVERFLOW bucket (AS,AH): using p2=AB seq=35
2026-03-11 15:20:08,026 WARNING OVERFLOW bucket (AS,AH): using p2=AB seq=36
2026-03-11 15:20:08,026 WARNING OVERFLOW bucket (AS,AG): using p2=AB seq=220
2026-03-11 15:20:08,026 WARNING OVERFLOW bucket (AB,AG): using p2=AB seq=148
2026-03-11 15:20:08,026 WARNING OVERFLOW bucket (AS,AG): using p2=AB seq=221
2026-03-11 15:20:08,026 WARNING OVERFLOW bucket (AM,AG): using p2=AB seq=55
2026-03-11 15:20:08,027 WARNING OVERFLOW bucket (AM,AG): using p2=AB seq=56
2026-03-11 15:20:08,027 WARNING OVERFLOW bucket (AM,AG): using p2=AB seq=57
2026-03-11 15:20:08,027 WARNING OVERFLOW bucket (AM,AG): using p2=AB seq=58
2026-03-11 15:20:08,027 WARNING OVERFLOW bucket (AM,AG): using p2=AB seq=59
2026-03-11 15:20:08,027 WARNING OVERFLOW bucket (AB,AG): using p2=AB seq=149
2026-03-11 15:20:08,028 WARNING OVERFLOW bucket (AM,AG): using p2=AB seq=60
2026-03-11 15:20:08,028 WARNING OVERFLOW bucket (AM,AG): using p2=AB seq=61
2026-03-11 15:20:08,028 WARNING OVERFLOW bucket (AM,AG): using p2=AB seq=62
2026-03-11 15:20:08,028 WARNING OVERFLOW bucket (AB,AG): using p2=AB seq=150
2026-03-11 15:20:08,029 WARNING OVERFLOW bucket (AM,AG): using p2=AB seq=63
2026-03-11 15:20:08,029 WARNING OVERFLOW bucket (AS,AG): using p2=AB seq=222
2026-03-11 15:20:08,029 WARNING OVERFLOW bucket (AM,AG): using p2=AB seq=64
2026-03-11 15:20:08,309 WARNING OVERFLOW bucket (AS,AG): using p2=AB seq=223
2026-03-11 15:20:08,309 WARNING OVERFLOW bucket (AS,AG): using p2=AB seq=224
2026-03-11 15:20:08,310 WARNING OVERFLOW bucket (AB,AG): using p2=AB seq=151
2026-03-11 15:20:08,310 WARNING OVERFLOW bucket (AS,AG): using p2=AB seq=225
2026-03-11 15:20:08,310 WARNING OVERFLOW bucket (AS,AH): using p2=AB seq=37
2026-03-11 15:20:08,311 WARNING OVERFLOW bucket (AS,AH): using p2=AB seq=38
2026-03-11 15:20:08,311 WARNING OVERFLOW bucket (AM,AG): using p2=AB seq=65
2026-03-11 15:20:08,311 WARNING OVERFLOW bucket (AS,AH): using p2=AB seq=39
2026-03-11 15:20:08,311 WARNING OVERFLOW bucket (AM,AG): using p2=AB seq=66
2026-03-11 15:20:08,312 WARNING OVERFLOW bucket (AS,AG): using p2=AB seq=226
2026-03-11 15:20:08,312 WARNING OVERFLOW bucket (AS,AG): using p2=AB seq=227
2026-03-11 15:20:08,312 WARNING OVERFLOW bucket (AS,AH): using p2=AB seq=40
2026-03-11 15:20:08,312 WARNING OVERFLOW bucket (AB,AG): using p2=AB seq=152
2026-03-11 15:20:08,313 WARNING OVERFLOW bucket (AM,AG): using p2=AB seq=67
2026-03-11 15:20:08,313 WARNING OVERFLOW bucket (AS,AG): using p2=AB seq=228
2026-03-11 15:20:08,315 WARNING OVERFLOW bucket (AS,AH): using p2=AB seq=41
2026-03-11 15:20:08,315 WARNING OVERFLOW bucket (AS,AG): using p2=AB seq=229
2026-03-11 15:20:08,317 WARNING OVERFLOW bucket (AB,AG): using p2=AB seq=153
2026-03-11 15:20:08,317 WARNING OVERFLOW bucket (AS,AH): using p2=AB seq=42
2026-03-11 15:20:08,318 WARNING OVERFLOW bucket (AS,AG): using p2=AB seq=230
2026-03-11 15:20:08,318 WARNING OVERFLOW bucket (AS,AG): using p2=AB seq=231
2026-03-11 15:20:08,318 WARNING OVERFLOW bucket (AS,AG): using p2=AB seq=232
2026-03-11 15:20:08,319 WARNING OVERFLOW bucket (AM,AG): using p2=AB seq=68
2026-03-11 15:20:08,668 INFO     138,000/138,580 done
2026-03-11 15:20:08,670 WARNING OVERFLOW bucket (AB,AG): using p2=AB seq=154
2026-03-11 15:20:08,671 WARNING OVERFLOW bucket (AS,AH): using p2=AB seq=43
2026-03-11 15:20:08,671 WARNING OVERFLOW bucket (AM,AG): using p2=AB seq=69
2026-03-11 15:20:08,671 WARNING OVERFLOW bucket (AM,AG): using p2=AB seq=70
2026-03-11 15:20:08,672 WARNING OVERFLOW bucket (AM,AG): using p2=AB seq=71
2026-03-11 15:20:08,672 WARNING OVERFLOW bucket (AM,AG): using p2=AB seq=72
2026-03-11 15:20:08,747 INFO   Labels (AD) done: inserted=138,580 skipped=0
2026-03-11 15:20:08,747 INFO   Initialisms (AE): 7,175 entries  ns=AE
2026-03-11 15:20:10,233 INFO     2,000/7,175 done
2026-03-11 15:20:11,392 INFO     4,000/7,175 done
2026-03-11 15:20:12,816 INFO     6,000/7,175 done
2026-03-11 15:20:13,271 INFO   Initialisms (AE) done: inserted=7,175 skipped=0
2026-03-11 15:20:13,272 INFO Pass 6 complete: inserted=145,755 skipped=0
2026-03-11 15:20:13,272 INFO --- Verification ---
2026-03-11 15:20:13,319 INFO   AD Labels tokens: 138,580
2026-03-11 15:20:13,323 INFO   AE Initialisms tokens: 7,175
2026-03-11 15:20:13,354 INFO   N_PROPER token_pos records: 145,755
2026-03-11 15:20:13,354 INFO Done.
