2026-03-10 15:05:20,309 INFO ============================================================
2026-03-10 15:05:20,310 INFO Pass 3 start  dry_run=True  batch_size=500
2026-03-10 15:05:20,310 INFO Streaming Kaikki for PoS: ['verb']
2026-03-10 15:05:58,431 INFO   scanned 200,000 lines, kept 13,112
2026-03-10 15:06:08,163 INFO   scanned 400,000 lines, kept 17,307
2026-03-10 15:06:16,853 INFO   scanned 600,000 lines, kept 22,877
2026-03-10 15:06:24,252 INFO   scanned 800,000 lines, kept 25,827
2026-03-10 15:06:31,247 INFO   scanned 1,000,000 lines, kept 28,558
2026-03-10 15:06:38,729 INFO   scanned 1,200,000 lines, kept 31,661
2026-03-10 15:06:45,839 INFO   scanned 1,400,000 lines, kept 33,922
2026-03-10 15:06:47,959 INFO Done. Scanned 1,454,988 lines, kept 34,543 glosses.
2026-03-10 15:06:47,987 INFO   verb: 34,543 glosses to insert
2026-03-10 15:06:49,681 INFO   verb done: inserted=34,543, skipped=0
2026-03-10 15:06:49,682 INFO Pass 3 complete: inserted=34,543, skipped=0
2026-03-10 15:06:49,685 INFO Done.
2026-03-10 15:09:20,075 INFO ============================================================
2026-03-10 15:09:20,075 INFO Pass 3 start  dry_run=False  batch_size=500
2026-03-10 15:09:20,075 INFO Streaming Kaikki for PoS: ['adj', 'adv', 'conj', 'det', 'intj', 'noun', 'num', 'particle', 'prep', 'pron', 'verb']
2026-03-10 15:09:57,974 INFO   scanned 200,000 lines, kept 97,654
2026-03-10 15:10:08,135 INFO   scanned 400,000 lines, kept 177,137
2026-03-10 15:10:17,334 INFO   scanned 600,000 lines, kept 266,980
2026-03-10 15:10:25,302 INFO   scanned 800,000 lines, kept 330,877
2026-03-10 15:10:32,870 INFO   scanned 1,000,000 lines, kept 393,479
2026-03-10 15:10:40,746 INFO   scanned 1,200,000 lines, kept 446,849
2026-03-10 15:10:48,322 INFO   scanned 1,400,000 lines, kept 486,204
2026-03-10 15:10:50,379 INFO Done. Scanned 1,454,988 lines, kept 495,749 glosses.
2026-03-10 15:10:50,412 INFO   verb: 34,543 glosses to insert
2026-03-10 15:10:59,660 INFO     10,000/34,543 done
2026-03-10 15:11:10,639 INFO     20,000/34,543 done
2026-03-10 15:11:21,470 INFO     30,000/34,543 done
2026-03-10 15:11:26,935 INFO   verb done: inserted=34,559, skipped=0
2026-03-10 15:11:27,249 INFO   noun: 286,532 glosses to insert
2026-03-10 15:11:38,435 INFO     10,000/286,532 done
2026-03-10 15:11:47,259 INFO     20,000/286,532 done
2026-03-10 15:11:56,802 INFO     30,000/286,532 done
2026-03-10 15:12:06,724 INFO     40,000/286,532 done
2026-03-10 15:12:16,681 INFO     50,000/286,532 done
2026-03-10 15:12:26,542 INFO     60,000/286,532 done
2026-03-10 15:12:36,577 INFO     70,000/286,532 done
2026-03-10 15:12:46,174 INFO     80,000/286,532 done
2026-03-10 15:12:55,988 INFO     90,000/286,532 done
2026-03-10 15:13:05,330 INFO     100,000/286,532 done
2026-03-10 15:13:17,061 INFO     110,000/286,532 done
2026-03-10 15:13:26,523 INFO     120,000/286,532 done
2026-03-10 15:13:36,100 INFO     130,000/286,532 done
2026-03-10 15:13:45,773 INFO     140,000/286,532 done
2026-03-10 15:13:55,413 INFO     150,000/286,532 done
2026-03-10 15:14:04,920 INFO     160,000/286,532 done
2026-03-10 15:14:14,856 INFO     170,000/286,532 done
2026-03-10 15:14:27,849 INFO     180,000/286,532 done
2026-03-10 15:14:38,636 INFO     190,000/286,532 done
2026-03-10 15:14:49,211 INFO     200,000/286,532 done
2026-03-10 15:14:59,997 INFO     210,000/286,532 done
2026-03-10 15:15:10,768 INFO     220,000/286,532 done
2026-03-10 15:15:21,297 INFO     230,000/286,532 done
2026-03-10 15:15:32,271 INFO     240,000/286,532 done
2026-03-10 15:15:45,565 INFO     250,000/286,532 done
2026-03-10 15:15:56,416 INFO     260,000/286,532 done
2026-03-10 15:16:08,199 INFO     270,000/286,532 done
2026-03-10 15:16:20,107 INFO     280,000/286,532 done
2026-03-10 15:16:28,278 INFO   noun done: inserted=286,532, skipped=0
2026-03-10 15:16:28,442 INFO   adj: 149,054 glosses to insert
2026-03-10 15:16:45,093 INFO     10,000/149,054 done
2026-03-10 15:17:00,801 INFO     20,000/149,054 done
2026-03-10 15:17:17,933 INFO     30,000/149,054 done
2026-03-10 15:17:33,542 INFO     40,000/149,054 done
2026-03-10 15:17:47,788 INFO     50,000/149,054 done
2026-03-10 15:18:01,496 INFO     60,000/149,054 done
2026-03-10 15:18:14,882 INFO     70,000/149,054 done
2026-03-10 15:18:29,428 INFO     80,000/149,054 done
2026-03-10 15:18:41,702 INFO     90,000/149,054 done
2026-03-10 15:18:56,120 INFO     100,000/149,054 done
2026-03-10 15:19:09,695 INFO     110,000/149,054 done
2026-03-10 15:19:24,348 INFO     120,000/149,054 done
2026-03-10 15:19:39,258 INFO     130,000/149,054 done
2026-03-10 15:19:52,058 INFO     140,000/149,054 done
2026-03-10 15:20:05,172 INFO   adj done: inserted=149,054, skipped=0
2026-03-10 15:20:05,202 INFO   adv: 22,607 glosses to insert
2026-03-10 15:20:22,179 INFO     10,000/22,607 done
2026-03-10 15:20:35,490 INFO     20,000/22,607 done
2026-03-10 15:20:38,778 INFO   adv done: inserted=22,607, skipped=0
2026-03-10 15:20:38,779 INFO   pron: 317 glosses to insert
2026-03-10 15:20:39,518 INFO   pron done: inserted=317, skipped=0
2026-03-10 15:20:39,519 INFO   prep: 288 glosses to insert
2026-03-10 15:20:40,451 INFO   prep done: inserted=288, skipped=0
2026-03-10 15:20:40,451 INFO   conj: 150 glosses to insert
2026-03-10 15:20:41,117 INFO   conj done: inserted=150, skipped=0
2026-03-10 15:20:41,117 INFO   det: 127 glosses to insert
2026-03-10 15:20:41,591 INFO   det done: inserted=127, skipped=0
2026-03-10 15:20:41,592 INFO   intj: 1,773 glosses to insert
2026-03-10 15:20:45,471 INFO   intj done: inserted=1,773, skipped=0
2026-03-10 15:20:45,471 INFO   particle: 57 glosses to insert
2026-03-10 15:20:45,828 INFO   particle done: inserted=57, skipped=0
2026-03-10 15:20:45,829 INFO   num: 301 glosses to insert
2026-03-10 15:20:46,738 INFO   num done: inserted=301, skipped=0
2026-03-10 15:20:46,738 INFO Pass 3 complete: inserted=495,765, skipped=0
2026-03-10 15:20:46,738 INFO --- Verification ---
2026-03-10 15:20:46,812 INFO token_glosses rows: 495,765
2026-03-10 15:20:46,867 INFO   status=DRAFT: 495,765
2026-03-10 15:20:46,934 INFO token_pos with gloss_id set: 495,765
2026-03-10 15:20:46,937 INFO Done.
2026-03-11 15:04:09,550 INFO ============================================================
2026-03-11 15:04:09,569 INFO Pass 3 start  dry_run=False  batch_size=500
2026-03-11 15:04:09,569 INFO Streaming Kaikki for PoS: ['adj', 'adv', 'conj', 'det', 'intj', 'noun', 'num', 'particle', 'prep', 'pron', 'verb']
2026-03-11 15:04:41,354 INFO   scanned 200,000 lines, kept 97,654 entries / 215,596 senses
2026-03-11 15:04:50,418 INFO   scanned 400,000 lines, kept 177,137 entries / 310,537 senses
2026-03-11 15:04:58,552 INFO   scanned 600,000 lines, kept 266,980 entries / 412,585 senses
2026-03-11 15:05:05,729 INFO   scanned 800,000 lines, kept 330,877 entries / 480,931 senses
2026-03-11 15:05:11,888 INFO   scanned 1,000,000 lines, kept 393,479 entries / 547,106 senses
2026-03-11 15:05:18,988 INFO   scanned 1,200,000 lines, kept 446,849 entries / 603,519 senses
2026-03-11 15:05:25,062 INFO   scanned 1,400,000 lines, kept 486,204 entries / 645,193 senses
2026-03-11 15:05:26,724 INFO Done. Scanned 1,454,988 lines, kept 495,749 entries / 655,266 senses.
2026-03-11 15:05:26,795 INFO   verb: 34,543 words / 64,018 senses to insert
2026-03-11 15:05:40,098 INFO     10,000/34,543 words done
2026-03-11 15:05:50,593 INFO     20,000/34,543 words done
2026-03-11 15:06:00,506 INFO     30,000/34,543 words done
2026-03-11 15:06:03,989 INFO   verb done: inserted=64,220, skipped=0
2026-03-11 15:06:04,352 INFO   noun: 286,532 words / 381,596 senses to insert
2026-03-11 15:06:13,275 INFO     10,000/286,532 words done
2026-03-11 15:06:20,629 INFO     20,000/286,532 words done
2026-03-11 15:06:29,622 INFO     30,000/286,532 words done
2026-03-11 15:06:37,736 INFO     40,000/286,532 words done
2026-03-11 15:06:44,859 INFO     50,000/286,532 words done
2026-03-11 15:06:53,016 INFO     60,000/286,532 words done
2026-03-11 15:07:01,151 INFO     70,000/286,532 words done
2026-03-11 15:07:08,805 INFO     80,000/286,532 words done
2026-03-11 15:07:16,181 INFO     90,000/286,532 words done
2026-03-11 15:07:24,506 INFO     100,000/286,532 words done
2026-03-11 15:07:32,700 INFO     110,000/286,532 words done
2026-03-11 15:07:39,841 INFO     120,000/286,532 words done
2026-03-11 15:07:47,735 INFO     130,000/286,532 words done
2026-03-11 15:07:55,207 INFO     140,000/286,532 words done
2026-03-11 15:08:03,215 INFO     150,000/286,532 words done
2026-03-11 15:08:11,270 INFO     160,000/286,532 words done
2026-03-11 15:08:19,497 INFO     170,000/286,532 words done
2026-03-11 15:08:27,104 INFO     180,000/286,532 words done
2026-03-11 15:08:36,884 INFO     190,000/286,532 words done
2026-03-11 15:08:46,116 INFO     200,000/286,532 words done
2026-03-11 15:08:55,425 INFO     210,000/286,532 words done
2026-03-11 15:09:04,033 INFO     220,000/286,532 words done
2026-03-11 15:09:11,872 INFO     230,000/286,532 words done
2026-03-11 15:09:19,930 INFO     240,000/286,532 words done
2026-03-11 15:09:28,846 INFO     250,000/286,532 words done
2026-03-11 15:09:36,671 INFO     260,000/286,532 words done
2026-03-11 15:09:44,234 INFO     270,000/286,532 words done
2026-03-11 15:09:51,703 INFO     280,000/286,532 words done
2026-03-11 15:09:56,337 INFO   noun done: inserted=381,596, skipped=0
2026-03-11 15:09:56,521 INFO   adj: 149,054 words / 179,809 senses to insert
2026-03-11 15:10:03,981 INFO     10,000/149,054 words done
2026-03-11 15:10:11,902 INFO     20,000/149,054 words done
2026-03-11 15:10:19,541 INFO     30,000/149,054 words done
2026-03-11 15:10:27,215 INFO     40,000/149,054 words done
2026-03-11 15:10:35,047 INFO     50,000/149,054 words done
2026-03-11 15:10:43,023 INFO     60,000/149,054 words done
2026-03-11 15:10:51,174 INFO     70,000/149,054 words done
2026-03-11 15:10:58,409 INFO     80,000/149,054 words done
2026-03-11 15:11:05,874 INFO     90,000/149,054 words done
2026-03-11 15:11:13,720 INFO     100,000/149,054 words done
2026-03-11 15:11:21,594 INFO     110,000/149,054 words done
2026-03-11 15:11:29,559 INFO     120,000/149,054 words done
2026-03-11 15:11:37,872 INFO     130,000/149,054 words done
2026-03-11 15:11:45,046 INFO     140,000/149,054 words done
2026-03-11 15:11:51,919 INFO   adj done: inserted=179,809, skipped=0
2026-03-11 15:11:51,954 INFO   adv: 22,607 words / 25,383 senses to insert
2026-03-11 15:12:00,859 INFO     10,000/22,607 words done
2026-03-11 15:12:09,502 INFO     20,000/22,607 words done
2026-03-11 15:12:10,951 INFO   adv done: inserted=25,383, skipped=0
2026-03-11 15:12:10,953 INFO   pron: 317 words / 523 senses to insert
2026-03-11 15:12:11,268 INFO   pron done: inserted=523, skipped=0
2026-03-11 15:12:11,268 INFO   prep: 288 words / 791 senses to insert
2026-03-11 15:12:11,712 INFO   prep done: inserted=791, skipped=0
2026-03-11 15:12:11,713 INFO   conj: 150 words / 272 senses to insert
2026-03-11 15:12:11,908 INFO   conj done: inserted=272, skipped=0
2026-03-11 15:12:11,908 INFO   det: 127 words / 219 senses to insert
2026-03-11 15:12:12,076 INFO   det done: inserted=219, skipped=0
2026-03-11 15:12:12,079 INFO   intj: 1,773 words / 2,181 senses to insert
2026-03-11 15:12:14,140 INFO   intj done: inserted=2,181, skipped=0
2026-03-11 15:12:14,140 INFO   particle: 57 words / 126 senses to insert
2026-03-11 15:12:14,272 INFO   particle done: inserted=126, skipped=0
2026-03-11 15:12:14,273 INFO   num: 301 words / 348 senses to insert
2026-03-11 15:12:14,648 INFO   num done: inserted=348, skipped=0
2026-03-11 15:12:14,648 INFO Pass 3 complete: inserted=655,468, skipped=0
2026-03-11 15:12:14,648 INFO --- Verification ---
2026-03-11 15:12:14,759 INFO token_glosses rows: 655,468
2026-03-11 15:12:14,874 INFO   status=DRAFT: 655,468
2026-03-11 15:12:14,976 INFO PoS distribution:
2026-03-11 15:12:14,977 INFO   N_COMMON: 381,596
2026-03-11 15:12:14,977 INFO   ADJ: 179,809
2026-03-11 15:12:14,977 INFO   V_MAIN: 64,018
2026-03-11 15:12:14,977 INFO   ADV: 25,383
2026-03-11 15:12:14,977 INFO   INTJ: 2,181
2026-03-11 15:12:14,977 INFO   PREP: 791
2026-03-11 15:12:14,977 INFO   N_PRONOUN: 523
2026-03-11 15:12:14,977 INFO   NUM: 348
2026-03-11 15:12:14,977 INFO   CONJ_SUB: 227
2026-03-11 15:12:14,977 INFO   DET: 219
2026-03-11 15:12:14,977 INFO   V_AUX: 177
2026-03-11 15:12:14,977 INFO   PART: 126
2026-03-11 15:12:14,977 INFO   CONJ_COORD: 45
2026-03-11 15:12:14,977 INFO   V_COPULA: 25
2026-03-11 15:12:15,103 INFO Sense number distribution:
2026-03-11 15:12:15,103 INFO   sense 1: 495,765
2026-03-11 15:12:15,104 INFO   sense 2: 74,062
2026-03-11 15:12:15,104 INFO   sense 3: 29,488
2026-03-11 15:12:15,104 INFO   sense 4: 15,946
2026-03-11 15:12:15,104 INFO   sense 5: 9,974
2026-03-11 15:12:15,104 INFO   sense 6: 6,802
2026-03-11 15:12:15,104 INFO   sense 7: 4,831
2026-03-11 15:12:15,104 INFO   sense 8: 3,513
2026-03-11 15:12:15,104 INFO   sense 9: 2,704
2026-03-11 15:12:15,104 INFO   sense 10: 2,115
2026-03-11 15:12:15,104 INFO   sense 11: 1,665
2026-03-11 15:12:15,104 INFO   sense 12: 1,330
2026-03-11 15:12:15,104 INFO   sense 13: 1,083
2026-03-11 15:12:15,104 INFO   sense 14: 897
2026-03-11 15:12:15,104 INFO   sense 15: 741
2026-03-11 15:12:15,104 INFO   sense 16: 612
2026-03-11 15:12:15,105 INFO   sense 17: 530
2026-03-11 15:12:15,105 INFO   sense 18: 451
2026-03-11 15:12:15,105 INFO   sense 19: 394
2026-03-11 15:12:15,105 INFO   sense 20: 337
2026-03-11 15:12:15,105 INFO   sense 21: 284
2026-03-11 15:12:15,105 INFO   sense 22: 243
2026-03-11 15:12:15,105 INFO   sense 23: 208
2026-03-11 15:12:15,105 INFO   sense 24: 177
2026-03-11 15:12:15,105 INFO   sense 25: 141
2026-03-11 15:12:15,105 INFO   sense 26: 115
2026-03-11 15:12:15,105 INFO   sense 27: 95
2026-03-11 15:12:15,105 INFO   sense 28: 84
2026-03-11 15:12:15,105 INFO   sense 29: 79
2026-03-11 15:12:15,105 INFO   sense 30: 76
2026-03-11 15:12:15,105 INFO   sense 31: 64
2026-03-11 15:12:15,106 INFO   sense 32: 57
2026-03-11 15:12:15,106 INFO   sense 33: 55
2026-03-11 15:12:15,106 INFO   sense 34: 46
2026-03-11 15:12:15,106 INFO   sense 35: 40
2026-03-11 15:12:15,106 INFO   sense 36: 36
2026-03-11 15:12:15,106 INFO   sense 37: 35
2026-03-11 15:12:15,106 INFO   sense 38: 30
2026-03-11 15:12:15,106 INFO   sense 39: 28
2026-03-11 15:12:15,106 INFO   sense 40: 22
2026-03-11 15:12:15,106 INFO   sense 41: 19
2026-03-11 15:12:15,106 INFO   sense 42: 16
2026-03-11 15:12:15,106 INFO   sense 43: 15
2026-03-11 15:12:15,106 INFO   sense 44: 15
2026-03-11 15:12:15,106 INFO   sense 45: 14
2026-03-11 15:12:15,106 INFO   sense 46: 14
2026-03-11 15:12:15,107 INFO   sense 47: 12
2026-03-11 15:12:15,107 INFO   sense 48: 10
2026-03-11 15:12:15,107 INFO   sense 49: 10
2026-03-11 15:12:15,107 INFO   sense 50: 9
2026-03-11 15:12:15,107 INFO   sense 51: 9
2026-03-11 15:12:15,107 INFO   sense 52: 7
2026-03-11 15:12:15,107 INFO   sense 53: 7
2026-03-11 15:12:15,107 INFO   sense 54: 7
2026-03-11 15:12:15,107 INFO   sense 55: 6
2026-03-11 15:12:15,107 INFO   sense 56: 6
2026-03-11 15:12:15,107 INFO   sense 57: 6
2026-03-11 15:12:15,107 INFO   sense 58: 5
2026-03-11 15:12:15,107 INFO   sense 59: 4
2026-03-11 15:12:15,107 INFO   sense 60: 4
2026-03-11 15:12:15,107 INFO   sense 61: 4
2026-03-11 15:12:15,108 INFO   sense 62: 4
2026-03-11 15:12:15,108 INFO   sense 63: 4
2026-03-11 15:12:15,108 INFO   sense 64: 3
2026-03-11 15:12:15,108 INFO   sense 65: 3
2026-03-11 15:12:15,108 INFO   sense 66: 3
2026-03-11 15:12:15,108 INFO   sense 67: 3
2026-03-11 15:12:15,108 INFO   sense 68: 3
2026-03-11 15:12:15,108 INFO   sense 69: 2
2026-03-11 15:12:15,108 INFO   sense 70: 2
2026-03-11 15:12:15,108 INFO   sense 71: 2
2026-03-11 15:12:15,108 INFO   sense 72: 2
2026-03-11 15:12:15,108 INFO   sense 73: 2
2026-03-11 15:12:15,108 INFO   sense 74: 2
2026-03-11 15:12:15,109 INFO   sense 75: 2
2026-03-11 15:12:15,109 INFO   sense 76: 2
2026-03-11 15:12:15,109 INFO   sense 77: 2
2026-03-11 15:12:15,109 INFO   sense 78: 2
2026-03-11 15:12:15,109 INFO   sense 79: 2
2026-03-11 15:12:15,109 INFO   sense 80: 2
2026-03-11 15:12:15,109 INFO   sense 81: 2
2026-03-11 15:12:15,109 INFO   sense 82: 2
2026-03-11 15:12:15,109 INFO   sense 83: 2
2026-03-11 15:12:15,109 INFO   sense 84: 2
2026-03-11 15:12:15,109 INFO   sense 85: 2
2026-03-11 15:12:15,109 INFO   sense 86: 2
2026-03-11 15:12:15,109 INFO   sense 87: 2
2026-03-11 15:12:15,109 INFO   sense 88: 2
2026-03-11 15:12:15,110 INFO   sense 89: 2
2026-03-11 15:12:15,110 INFO   sense 90: 1
2026-03-11 15:12:15,110 INFO   sense 91: 1
2026-03-11 15:12:15,110 INFO   sense 92: 1
2026-03-11 15:12:15,110 INFO   sense 93: 1
2026-03-11 15:12:15,110 INFO   sense 94: 1
2026-03-11 15:12:15,110 INFO   sense 95: 1
2026-03-11 15:12:15,110 INFO   sense 96: 1
2026-03-11 15:12:15,110 INFO   sense 97: 1
2026-03-11 15:12:15,110 INFO   sense 98: 1
2026-03-11 15:12:15,110 INFO   sense 99: 1
2026-03-11 15:12:15,110 INFO   sense 100: 1
2026-03-11 15:12:15,110 INFO   sense 101: 1
2026-03-11 15:12:15,110 INFO   sense 102: 1
2026-03-11 15:12:15,110 INFO   sense 103: 1
2026-03-11 15:12:15,111 INFO   sense 104: 1
2026-03-11 15:12:15,111 INFO   sense 105: 1
2026-03-11 15:12:15,111 INFO   sense 106: 1
2026-03-11 15:12:15,111 INFO   sense 107: 1
2026-03-11 15:12:15,111 INFO   sense 108: 1
2026-03-11 15:12:15,111 INFO   sense 109: 1
2026-03-11 15:12:15,111 INFO   sense 110: 1
2026-03-11 15:12:15,111 INFO   sense 111: 1
2026-03-11 15:12:15,111 INFO   sense 112: 1
2026-03-11 15:12:15,111 INFO   sense 113: 1
2026-03-11 15:12:15,111 INFO   sense 114: 1
2026-03-11 15:12:15,111 INFO   sense 115: 1
2026-03-11 15:12:15,111 INFO   sense 116: 1
2026-03-11 15:12:15,111 INFO   sense 117: 1
2026-03-11 15:12:15,111 INFO   sense 118: 1
2026-03-11 15:12:15,112 INFO   sense 119: 1
2026-03-11 15:12:15,112 INFO   sense 120: 1
2026-03-11 15:12:15,112 INFO   sense 121: 1
2026-03-11 15:12:15,112 INFO   sense 122: 1
2026-03-11 15:12:15,112 INFO   sense 123: 1
2026-03-11 15:12:15,112 INFO   sense 124: 1
2026-03-11 15:12:15,112 INFO   sense 125: 1
2026-03-11 15:12:15,112 INFO   sense 126: 1
2026-03-11 15:12:15,112 INFO   sense 127: 1
2026-03-11 15:12:15,112 INFO   sense 128: 1
2026-03-11 15:12:15,112 INFO   sense 129: 1
2026-03-11 15:12:15,112 INFO   sense 130: 1
2026-03-11 15:12:15,112 INFO   sense 131: 1
2026-03-11 15:12:15,112 INFO   sense 132: 1
2026-03-11 15:12:15,112 INFO   sense 133: 1
2026-03-11 15:12:15,112 INFO   sense 134: 1
2026-03-11 15:12:15,113 INFO   sense 135: 1
2026-03-11 15:12:15,113 INFO   sense 136: 1
2026-03-11 15:12:15,113 INFO   sense 137: 1
2026-03-11 15:12:15,113 INFO   sense 138: 1
2026-03-11 15:12:15,113 INFO Done.
